2015-09-12 10:44:19 INFO  ContextLoader:307 - Root WebApplicationContext: initialization started
2015-09-12 10:44:19 INFO  XmlWebApplicationContext:573 - Refreshing Root WebApplicationContext: startup date [Sat Sep 12 10:44:19 IST 2015]; root of context hierarchy
2015-09-12 10:44:19 INFO  XmlBeanDefinitionReader:317 - Loading XML bean definitions from ServletContext resource [/WEB-INF/spark-servlet.xml]
2015-09-12 10:44:20 INFO  XmlBeanDefinitionReader:317 - Loading XML bean definitions from ServletContext resource [/WEB-INF/spark-security.xml]
2015-09-12 10:44:20 INFO  SpringSecurityCoreVersion:59 - You are running with Spring Security Core 4.0.2.RELEASE
2015-09-12 10:44:20 INFO  SecurityNamespaceHandler:78 - Spring Security 'config' module version is 4.0.2.RELEASE
2015-09-12 10:44:20 INFO  FilterInvocationSecurityMetadataSourceParser:158 - Creating access control expression attribute 'permitAll' for /login
2015-09-12 10:44:20 INFO  FilterInvocationSecurityMetadataSourceParser:158 - Creating access control expression attribute 'permitAll' for /signup
2015-09-12 10:44:20 INFO  AuthenticationConfigBuilder:539 - No login page configured. The default internal one will be used. Use the 'login-page' attribute to set the URL of the login page.
2015-09-12 10:44:20 INFO  HttpSecurityBeanDefinitionParser:306 - Checking sorted filter chain: [Root bean: class [org.springframework.security.web.context.SecurityContextPersistenceFilter]; scope=; abstract=false; lazyInit=false; autowireMode=0; dependencyCheck=0; autowireCandidate=true; primary=false; factoryBeanName=null; factoryMethodName=null; initMethodName=null; destroyMethodName=null, order = 200, Root bean: class [org.springframework.security.web.context.request.async.WebAsyncManagerIntegrationFilter]; scope=; abstract=false; lazyInit=false; autowireMode=0; dependencyCheck=0; autowireCandidate=true; primary=false; factoryBeanName=null; factoryMethodName=null; initMethodName=null; destroyMethodName=null, order = 400, Root bean: class [org.springframework.security.web.header.HeaderWriterFilter]; scope=; abstract=false; lazyInit=false; autowireMode=0; dependencyCheck=0; autowireCandidate=true; primary=false; factoryBeanName=null; factoryMethodName=null; initMethodName=null; destroyMethodName=null, order = 500, Root bean: class [org.springframework.security.web.authentication.logout.LogoutFilter]; scope=; abstract=false; lazyInit=false; autowireMode=0; dependencyCheck=0; autowireCandidate=true; primary=false; factoryBeanName=null; factoryMethodName=null; initMethodName=null; destroyMethodName=null, order = 700, <org.springframework.security.web.authentication.UsernamePasswordAuthenticationFilter#0>, order = 1100, Root bean: class [org.springframework.security.web.authentication.ui.DefaultLoginPageGeneratingFilter]; scope=; abstract=false; lazyInit=false; autowireMode=0; dependencyCheck=0; autowireCandidate=true; primary=false; factoryBeanName=null; factoryMethodName=null; initMethodName=null; destroyMethodName=null, order = 1300, Root bean: class [org.springframework.security.web.savedrequest.RequestCacheAwareFilter]; scope=; abstract=false; lazyInit=false; autowireMode=0; dependencyCheck=0; autowireCandidate=true; primary=false; factoryBeanName=null; factoryMethodName=null; initMethodName=null; destroyMethodName=null, order = 1600, Root bean: class [org.springframework.security.web.servletapi.SecurityContextHolderAwareRequestFilter]; scope=; abstract=false; lazyInit=false; autowireMode=0; dependencyCheck=0; autowireCandidate=true; primary=false; factoryBeanName=null; factoryMethodName=null; initMethodName=null; destroyMethodName=null, order = 1700, Root bean: class [org.springframework.security.web.authentication.AnonymousAuthenticationFilter]; scope=; abstract=false; lazyInit=false; autowireMode=0; dependencyCheck=0; autowireCandidate=true; primary=false; factoryBeanName=null; factoryMethodName=null; initMethodName=null; destroyMethodName=null, order = 2000, Root bean: class [org.springframework.security.web.session.SessionManagementFilter]; scope=; abstract=false; lazyInit=false; autowireMode=0; dependencyCheck=0; autowireCandidate=true; primary=false; factoryBeanName=null; factoryMethodName=null; initMethodName=null; destroyMethodName=null, order = 2100, Root bean: class [org.springframework.security.web.access.ExceptionTranslationFilter]; scope=; abstract=false; lazyInit=false; autowireMode=0; dependencyCheck=0; autowireCandidate=true; primary=false; factoryBeanName=null; factoryMethodName=null; initMethodName=null; destroyMethodName=null, order = 2200, <org.springframework.security.web.access.intercept.FilterSecurityInterceptor#0>, order = 2300]
2015-09-12 10:44:20 INFO  PropertyPlaceholderConfigurer:172 - Loading properties file from class path resource [dataSource.properties]
2015-09-12 10:44:20 INFO  AutowiredAnnotationBeanPostProcessor:153 - JSR-330 'javax.inject.Inject' annotation found and supported for autowiring
2015-09-12 10:44:20 INFO  RequestMappingHandlerMapping:531 - Mapped "{[/signup],methods=[POST],consumes=[application/json]}" onto public java.lang.String com.exzeo.spark.controller.UserRest.signUp(com.exzeo.spark.model.User,javax.servlet.http.HttpServletRequest,javax.servlet.http.HttpServletResponse)
2015-09-12 10:44:21 INFO  Version:27 - HV000001: Hibernate Validator 5.0.2.Final
2015-09-12 10:44:21 INFO  RequestMappingHandlerAdapter:532 - Looking for @ControllerAdvice: Root WebApplicationContext: startup date [Sat Sep 12 10:44:19 IST 2015]; root of context hierarchy
2015-09-12 10:44:21 INFO  RequestMappingHandlerAdapter:532 - Looking for @ControllerAdvice: Root WebApplicationContext: startup date [Sat Sep 12 10:44:19 IST 2015]; root of context hierarchy
2015-09-12 10:44:21 INFO  DriverManagerDataSource:133 - Loaded JDBC driver: com.mysql.jdbc.Driver
2015-09-12 10:44:21 INFO  Version:37 - HCANN000001: Hibernate Commons Annotations {4.0.2.Final}
2015-09-12 10:44:21 INFO  Version:41 - HHH000412: Hibernate Core {4.2.5.Final}
2015-09-12 10:44:21 INFO  Environment:238 - HHH000206: hibernate.properties not found
2015-09-12 10:44:21 INFO  Environment:345 - HHH000021: Bytecode provider name : javassist
2015-09-12 10:44:22 INFO  Dialect:130 - HHH000400: Using dialect: org.hibernate.dialect.MySQL5Dialect
2015-09-12 10:44:22 INFO  TransactionFactoryInitiator:68 - HHH000399: Using default transaction strategy (direct JDBC transactions)
2015-09-12 10:44:22 INFO  ASTQueryTranslatorFactory:48 - HHH000397: Using ASTQueryTranslatorFactory
2015-09-12 10:44:22 WARN  XmlWebApplicationContext:544 - Exception encountered during context initialization - cancelling refresh attempt
org.springframework.beans.factory.BeanCreationException: Error creating bean with name 'interestedService': Injection of autowired dependencies failed; nested exception is org.springframework.beans.factory.BeanCreationException: Could not autowire field: private com.exzeo.spark.dao.InterestedDAO com.exzeo.spark.serviceImpl.InterestedServiceImpl.interestedDAO; nested exception is org.springframework.beans.factory.NoSuchBeanDefinitionException: No qualifying bean of type [com.exzeo.spark.dao.InterestedDAO] found for dependency: expected at least 1 bean which qualifies as autowire candidate for this dependency. Dependency annotations: {@org.springframework.beans.factory.annotation.Autowired(required=true)}
	at org.springframework.beans.factory.annotation.AutowiredAnnotationBeanPostProcessor.postProcessPropertyValues(AutowiredAnnotationBeanPostProcessor.java:334)
	at org.springframework.beans.factory.support.AbstractAutowireCapableBeanFactory.populateBean(AbstractAutowireCapableBeanFactory.java:1214)
	at org.springframework.beans.factory.support.AbstractAutowireCapableBeanFactory.doCreateBean(AbstractAutowireCapableBeanFactory.java:543)
	at org.springframework.beans.factory.support.AbstractAutowireCapableBeanFactory.createBean(AbstractAutowireCapableBeanFactory.java:482)
	at org.springframework.beans.factory.support.AbstractBeanFactory$1.getObject(AbstractBeanFactory.java:305)
	at org.springframework.beans.factory.support.DefaultSingletonBeanRegistry.getSingleton(DefaultSingletonBeanRegistry.java:230)
	at org.springframework.beans.factory.support.AbstractBeanFactory.doGetBean(AbstractBeanFactory.java:301)
	at org.springframework.beans.factory.support.AbstractBeanFactory.getBean(AbstractBeanFactory.java:196)
	at org.springframework.beans.factory.support.DefaultListableBeanFactory.preInstantiateSingletons(DefaultListableBeanFactory.java:772)
	at org.springframework.context.support.AbstractApplicationContext.finishBeanFactoryInitialization(AbstractApplicationContext.java:834)
	at org.springframework.context.support.AbstractApplicationContext.refresh(AbstractApplicationContext.java:537)
	at org.springframework.web.context.ContextLoader.configureAndRefreshWebApplicationContext(ContextLoader.java:446)
	at org.springframework.web.context.ContextLoader.initWebApplicationContext(ContextLoader.java:328)
	at org.springframework.web.context.ContextLoaderListener.contextInitialized(ContextLoaderListener.java:107)
	at org.eclipse.jetty.server.handler.ContextHandler.callContextInitialized(ContextHandler.java:782)
	at org.eclipse.jetty.servlet.ServletContextHandler.callContextInitialized(ServletContextHandler.java:424)
	at org.eclipse.jetty.server.handler.ContextHandler.startContext(ContextHandler.java:774)
	at org.eclipse.jetty.servlet.ServletContextHandler.startContext(ServletContextHandler.java:249)
	at org.eclipse.jetty.webapp.WebAppContext.startContext(WebAppContext.java:1242)
	at org.eclipse.jetty.server.handler.ContextHandler.doStart(ContextHandler.java:717)
	at org.eclipse.jetty.webapp.WebAppContext.doStart(WebAppContext.java:494)
	at org.mortbay.jetty.plugin.JettyWebAppContext.doStart(JettyWebAppContext.java:298)
	at org.eclipse.jetty.util.component.AbstractLifeCycle.start(AbstractLifeCycle.java:64)
	at org.eclipse.jetty.server.handler.HandlerCollection.doStart(HandlerCollection.java:229)
	at org.eclipse.jetty.server.handler.ContextHandlerCollection.doStart(ContextHandlerCollection.java:172)
	at org.eclipse.jetty.util.component.AbstractLifeCycle.start(AbstractLifeCycle.java:64)
	at org.eclipse.jetty.server.handler.HandlerCollection.doStart(HandlerCollection.java:229)
	at org.eclipse.jetty.util.component.AbstractLifeCycle.start(AbstractLifeCycle.java:64)
	at org.eclipse.jetty.server.handler.HandlerWrapper.doStart(HandlerWrapper.java:95)
	at org.eclipse.jetty.server.Server.doStart(Server.java:282)
	at org.mortbay.jetty.plugin.JettyServer.doStart(JettyServer.java:65)
	at org.eclipse.jetty.util.component.AbstractLifeCycle.start(AbstractLifeCycle.java:64)
	at org.mortbay.jetty.plugin.AbstractJettyMojo.startJetty(AbstractJettyMojo.java:520)
	at org.mortbay.jetty.plugin.AbstractJettyMojo.execute(AbstractJettyMojo.java:365)
	at org.mortbay.jetty.plugin.JettyRunMojo.execute(JettyRunMojo.java:523)
	at org.apache.maven.plugin.DefaultBuildPluginManager.executeMojo(DefaultBuildPluginManager.java:101)
	at org.apache.maven.lifecycle.internal.MojoExecutor.execute(MojoExecutor.java:209)
	at org.apache.maven.lifecycle.internal.MojoExecutor.execute(MojoExecutor.java:153)
	at org.apache.maven.lifecycle.internal.MojoExecutor.execute(MojoExecutor.java:145)
	at org.apache.maven.lifecycle.internal.LifecycleModuleBuilder.buildProject(LifecycleModuleBuilder.java:84)
	at org.apache.maven.lifecycle.internal.LifecycleModuleBuilder.buildProject(LifecycleModuleBuilder.java:59)
	at org.apache.maven.lifecycle.internal.LifecycleStarter.singleThreadedBuild(LifecycleStarter.java:183)
	at org.apache.maven.lifecycle.internal.LifecycleStarter.execute(LifecycleStarter.java:161)
	at org.apache.maven.DefaultMaven.doExecute(DefaultMaven.java:320)
	at org.apache.maven.DefaultMaven.execute(DefaultMaven.java:156)
	at org.apache.maven.cli.MavenCli.execute(MavenCli.java:537)
	at org.apache.maven.cli.MavenCli.doMain(MavenCli.java:196)
	at org.apache.maven.cli.MavenCli.main(MavenCli.java:141)
	at sun.reflect.NativeMethodAccessorImpl.invoke0(Native Method)
	at sun.reflect.NativeMethodAccessorImpl.invoke(NativeMethodAccessorImpl.java:62)
	at sun.reflect.DelegatingMethodAccessorImpl.invoke(DelegatingMethodAccessorImpl.java:43)
	at java.lang.reflect.Method.invoke(Method.java:497)
	at org.codehaus.plexus.classworlds.launcher.Launcher.launchEnhanced(Launcher.java:290)
	at org.codehaus.plexus.classworlds.launcher.Launcher.launch(Launcher.java:230)
	at org.codehaus.plexus.classworlds.launcher.Launcher.mainWithExitCode(Launcher.java:409)
	at org.codehaus.plexus.classworlds.launcher.Launcher.main(Launcher.java:352)
Caused by: org.springframework.beans.factory.BeanCreationException: Could not autowire field: private com.exzeo.spark.dao.InterestedDAO com.exzeo.spark.serviceImpl.InterestedServiceImpl.interestedDAO; nested exception is org.springframework.beans.factory.NoSuchBeanDefinitionException: No qualifying bean of type [com.exzeo.spark.dao.InterestedDAO] found for dependency: expected at least 1 bean which qualifies as autowire candidate for this dependency. Dependency annotations: {@org.springframework.beans.factory.annotation.Autowired(required=true)}
	at org.springframework.beans.factory.annotation.AutowiredAnnotationBeanPostProcessor$AutowiredFieldElement.inject(AutowiredAnnotationBeanPostProcessor.java:571)
	at org.springframework.beans.factory.annotation.InjectionMetadata.inject(InjectionMetadata.java:88)
	at org.springframework.beans.factory.annotation.AutowiredAnnotationBeanPostProcessor.postProcessPropertyValues(AutowiredAnnotationBeanPostProcessor.java:331)
	... 55 more
Caused by: org.springframework.beans.factory.NoSuchBeanDefinitionException: No qualifying bean of type [com.exzeo.spark.dao.InterestedDAO] found for dependency: expected at least 1 bean which qualifies as autowire candidate for this dependency. Dependency annotations: {@org.springframework.beans.factory.annotation.Autowired(required=true)}
	at org.springframework.beans.factory.support.DefaultListableBeanFactory.raiseNoSuchBeanDefinitionException(DefaultListableBeanFactory.java:1326)
	at org.springframework.beans.factory.support.DefaultListableBeanFactory.doResolveDependency(DefaultListableBeanFactory.java:1072)
	at org.springframework.beans.factory.support.DefaultListableBeanFactory.resolveDependency(DefaultListableBeanFactory.java:967)
	at org.springframework.beans.factory.annotation.AutowiredAnnotationBeanPostProcessor$AutowiredFieldElement.inject(AutowiredAnnotationBeanPostProcessor.java:543)
	... 57 more
2015-09-12 10:44:23 ERROR ContextLoader:353 - Context initialization failed
org.springframework.beans.factory.BeanCreationException: Error creating bean with name 'interestedService': Injection of autowired dependencies failed; nested exception is org.springframework.beans.factory.BeanCreationException: Could not autowire field: private com.exzeo.spark.dao.InterestedDAO com.exzeo.spark.serviceImpl.InterestedServiceImpl.interestedDAO; nested exception is org.springframework.beans.factory.NoSuchBeanDefinitionException: No qualifying bean of type [com.exzeo.spark.dao.InterestedDAO] found for dependency: expected at least 1 bean which qualifies as autowire candidate for this dependency. Dependency annotations: {@org.springframework.beans.factory.annotation.Autowired(required=true)}
	at org.springframework.beans.factory.annotation.AutowiredAnnotationBeanPostProcessor.postProcessPropertyValues(AutowiredAnnotationBeanPostProcessor.java:334)
	at org.springframework.beans.factory.support.AbstractAutowireCapableBeanFactory.populateBean(AbstractAutowireCapableBeanFactory.java:1214)
	at org.springframework.beans.factory.support.AbstractAutowireCapableBeanFactory.doCreateBean(AbstractAutowireCapableBeanFactory.java:543)
	at org.springframework.beans.factory.support.AbstractAutowireCapableBeanFactory.createBean(AbstractAutowireCapableBeanFactory.java:482)
	at org.springframework.beans.factory.support.AbstractBeanFactory$1.getObject(AbstractBeanFactory.java:305)
	at org.springframework.beans.factory.support.DefaultSingletonBeanRegistry.getSingleton(DefaultSingletonBeanRegistry.java:230)
	at org.springframework.beans.factory.support.AbstractBeanFactory.doGetBean(AbstractBeanFactory.java:301)
	at org.springframework.beans.factory.support.AbstractBeanFactory.getBean(AbstractBeanFactory.java:196)
	at org.springframework.beans.factory.support.DefaultListableBeanFactory.preInstantiateSingletons(DefaultListableBeanFactory.java:772)
	at org.springframework.context.support.AbstractApplicationContext.finishBeanFactoryInitialization(AbstractApplicationContext.java:834)
	at org.springframework.context.support.AbstractApplicationContext.refresh(AbstractApplicationContext.java:537)
	at org.springframework.web.context.ContextLoader.configureAndRefreshWebApplicationContext(ContextLoader.java:446)
	at org.springframework.web.context.ContextLoader.initWebApplicationContext(ContextLoader.java:328)
	at org.springframework.web.context.ContextLoaderListener.contextInitialized(ContextLoaderListener.java:107)
	at org.eclipse.jetty.server.handler.ContextHandler.callContextInitialized(ContextHandler.java:782)
	at org.eclipse.jetty.servlet.ServletContextHandler.callContextInitialized(ServletContextHandler.java:424)
	at org.eclipse.jetty.server.handler.ContextHandler.startContext(ContextHandler.java:774)
	at org.eclipse.jetty.servlet.ServletContextHandler.startContext(ServletContextHandler.java:249)
	at org.eclipse.jetty.webapp.WebAppContext.startContext(WebAppContext.java:1242)
	at org.eclipse.jetty.server.handler.ContextHandler.doStart(ContextHandler.java:717)
	at org.eclipse.jetty.webapp.WebAppContext.doStart(WebAppContext.java:494)
	at org.mortbay.jetty.plugin.JettyWebAppContext.doStart(JettyWebAppContext.java:298)
	at org.eclipse.jetty.util.component.AbstractLifeCycle.start(AbstractLifeCycle.java:64)
	at org.eclipse.jetty.server.handler.HandlerCollection.doStart(HandlerCollection.java:229)
	at org.eclipse.jetty.server.handler.ContextHandlerCollection.doStart(ContextHandlerCollection.java:172)
	at org.eclipse.jetty.util.component.AbstractLifeCycle.start(AbstractLifeCycle.java:64)
	at org.eclipse.jetty.server.handler.HandlerCollection.doStart(HandlerCollection.java:229)
	at org.eclipse.jetty.util.component.AbstractLifeCycle.start(AbstractLifeCycle.java:64)
	at org.eclipse.jetty.server.handler.HandlerWrapper.doStart(HandlerWrapper.java:95)
	at org.eclipse.jetty.server.Server.doStart(Server.java:282)
	at org.mortbay.jetty.plugin.JettyServer.doStart(JettyServer.java:65)
	at org.eclipse.jetty.util.component.AbstractLifeCycle.start(AbstractLifeCycle.java:64)
	at org.mortbay.jetty.plugin.AbstractJettyMojo.startJetty(AbstractJettyMojo.java:520)
	at org.mortbay.jetty.plugin.AbstractJettyMojo.execute(AbstractJettyMojo.java:365)
	at org.mortbay.jetty.plugin.JettyRunMojo.execute(JettyRunMojo.java:523)
	at org.apache.maven.plugin.DefaultBuildPluginManager.executeMojo(DefaultBuildPluginManager.java:101)
	at org.apache.maven.lifecycle.internal.MojoExecutor.execute(MojoExecutor.java:209)
	at org.apache.maven.lifecycle.internal.MojoExecutor.execute(MojoExecutor.java:153)
	at org.apache.maven.lifecycle.internal.MojoExecutor.execute(MojoExecutor.java:145)
	at org.apache.maven.lifecycle.internal.LifecycleModuleBuilder.buildProject(LifecycleModuleBuilder.java:84)
	at org.apache.maven.lifecycle.internal.LifecycleModuleBuilder.buildProject(LifecycleModuleBuilder.java:59)
	at org.apache.maven.lifecycle.internal.LifecycleStarter.singleThreadedBuild(LifecycleStarter.java:183)
	at org.apache.maven.lifecycle.internal.LifecycleStarter.execute(LifecycleStarter.java:161)
	at org.apache.maven.DefaultMaven.doExecute(DefaultMaven.java:320)
	at org.apache.maven.DefaultMaven.execute(DefaultMaven.java:156)
	at org.apache.maven.cli.MavenCli.execute(MavenCli.java:537)
	at org.apache.maven.cli.MavenCli.doMain(MavenCli.java:196)
	at org.apache.maven.cli.MavenCli.main(MavenCli.java:141)
	at sun.reflect.NativeMethodAccessorImpl.invoke0(Native Method)
	at sun.reflect.NativeMethodAccessorImpl.invoke(NativeMethodAccessorImpl.java:62)
	at sun.reflect.DelegatingMethodAccessorImpl.invoke(DelegatingMethodAccessorImpl.java:43)
	at java.lang.reflect.Method.invoke(Method.java:497)
	at org.codehaus.plexus.classworlds.launcher.Launcher.launchEnhanced(Launcher.java:290)
	at org.codehaus.plexus.classworlds.launcher.Launcher.launch(Launcher.java:230)
	at org.codehaus.plexus.classworlds.launcher.Launcher.mainWithExitCode(Launcher.java:409)
	at org.codehaus.plexus.classworlds.launcher.Launcher.main(Launcher.java:352)
Caused by: org.springframework.beans.factory.BeanCreationException: Could not autowire field: private com.exzeo.spark.dao.InterestedDAO com.exzeo.spark.serviceImpl.InterestedServiceImpl.interestedDAO; nested exception is org.springframework.beans.factory.NoSuchBeanDefinitionException: No qualifying bean of type [com.exzeo.spark.dao.InterestedDAO] found for dependency: expected at least 1 bean which qualifies as autowire candidate for this dependency. Dependency annotations: {@org.springframework.beans.factory.annotation.Autowired(required=true)}
	at org.springframework.beans.factory.annotation.AutowiredAnnotationBeanPostProcessor$AutowiredFieldElement.inject(AutowiredAnnotationBeanPostProcessor.java:571)
	at org.springframework.beans.factory.annotation.InjectionMetadata.inject(InjectionMetadata.java:88)
	at org.springframework.beans.factory.annotation.AutowiredAnnotationBeanPostProcessor.postProcessPropertyValues(AutowiredAnnotationBeanPostProcessor.java:331)
	... 55 more
Caused by: org.springframework.beans.factory.NoSuchBeanDefinitionException: No qualifying bean of type [com.exzeo.spark.dao.InterestedDAO] found for dependency: expected at least 1 bean which qualifies as autowire candidate for this dependency. Dependency annotations: {@org.springframework.beans.factory.annotation.Autowired(required=true)}
	at org.springframework.beans.factory.support.DefaultListableBeanFactory.raiseNoSuchBeanDefinitionException(DefaultListableBeanFactory.java:1326)
	at org.springframework.beans.factory.support.DefaultListableBeanFactory.doResolveDependency(DefaultListableBeanFactory.java:1072)
	at org.springframework.beans.factory.support.DefaultListableBeanFactory.resolveDependency(DefaultListableBeanFactory.java:967)
	at org.springframework.beans.factory.annotation.AutowiredAnnotationBeanPostProcessor$AutowiredFieldElement.inject(AutowiredAnnotationBeanPostProcessor.java:543)
	... 57 more
2015-09-12 10:45:52 INFO  ContextLoader:307 - Root WebApplicationContext: initialization started
2015-09-12 10:45:53 INFO  XmlWebApplicationContext:573 - Refreshing Root WebApplicationContext: startup date [Sat Sep 12 10:45:53 IST 2015]; root of context hierarchy
2015-09-12 10:45:53 INFO  XmlBeanDefinitionReader:317 - Loading XML bean definitions from ServletContext resource [/WEB-INF/spark-servlet.xml]
2015-09-12 10:45:53 INFO  XmlBeanDefinitionReader:317 - Loading XML bean definitions from ServletContext resource [/WEB-INF/spark-security.xml]
2015-09-12 10:45:53 INFO  SpringSecurityCoreVersion:59 - You are running with Spring Security Core 4.0.2.RELEASE
2015-09-12 10:45:53 INFO  SecurityNamespaceHandler:78 - Spring Security 'config' module version is 4.0.2.RELEASE
2015-09-12 10:45:53 INFO  FilterInvocationSecurityMetadataSourceParser:158 - Creating access control expression attribute 'permitAll' for /login
2015-09-12 10:45:53 INFO  FilterInvocationSecurityMetadataSourceParser:158 - Creating access control expression attribute 'permitAll' for /signup
2015-09-12 10:45:53 INFO  AuthenticationConfigBuilder:539 - No login page configured. The default internal one will be used. Use the 'login-page' attribute to set the URL of the login page.
2015-09-12 10:45:53 INFO  HttpSecurityBeanDefinitionParser:306 - Checking sorted filter chain: [Root bean: class [org.springframework.security.web.context.SecurityContextPersistenceFilter]; scope=; abstract=false; lazyInit=false; autowireMode=0; dependencyCheck=0; autowireCandidate=true; primary=false; factoryBeanName=null; factoryMethodName=null; initMethodName=null; destroyMethodName=null, order = 200, Root bean: class [org.springframework.security.web.context.request.async.WebAsyncManagerIntegrationFilter]; scope=; abstract=false; lazyInit=false; autowireMode=0; dependencyCheck=0; autowireCandidate=true; primary=false; factoryBeanName=null; factoryMethodName=null; initMethodName=null; destroyMethodName=null, order = 400, Root bean: class [org.springframework.security.web.header.HeaderWriterFilter]; scope=; abstract=false; lazyInit=false; autowireMode=0; dependencyCheck=0; autowireCandidate=true; primary=false; factoryBeanName=null; factoryMethodName=null; initMethodName=null; destroyMethodName=null, order = 500, Root bean: class [org.springframework.security.web.authentication.logout.LogoutFilter]; scope=; abstract=false; lazyInit=false; autowireMode=0; dependencyCheck=0; autowireCandidate=true; primary=false; factoryBeanName=null; factoryMethodName=null; initMethodName=null; destroyMethodName=null, order = 700, <org.springframework.security.web.authentication.UsernamePasswordAuthenticationFilter#0>, order = 1100, Root bean: class [org.springframework.security.web.authentication.ui.DefaultLoginPageGeneratingFilter]; scope=; abstract=false; lazyInit=false; autowireMode=0; dependencyCheck=0; autowireCandidate=true; primary=false; factoryBeanName=null; factoryMethodName=null; initMethodName=null; destroyMethodName=null, order = 1300, Root bean: class [org.springframework.security.web.savedrequest.RequestCacheAwareFilter]; scope=; abstract=false; lazyInit=false; autowireMode=0; dependencyCheck=0; autowireCandidate=true; primary=false; factoryBeanName=null; factoryMethodName=null; initMethodName=null; destroyMethodName=null, order = 1600, Root bean: class [org.springframework.security.web.servletapi.SecurityContextHolderAwareRequestFilter]; scope=; abstract=false; lazyInit=false; autowireMode=0; dependencyCheck=0; autowireCandidate=true; primary=false; factoryBeanName=null; factoryMethodName=null; initMethodName=null; destroyMethodName=null, order = 1700, Root bean: class [org.springframework.security.web.authentication.AnonymousAuthenticationFilter]; scope=; abstract=false; lazyInit=false; autowireMode=0; dependencyCheck=0; autowireCandidate=true; primary=false; factoryBeanName=null; factoryMethodName=null; initMethodName=null; destroyMethodName=null, order = 2000, Root bean: class [org.springframework.security.web.session.SessionManagementFilter]; scope=; abstract=false; lazyInit=false; autowireMode=0; dependencyCheck=0; autowireCandidate=true; primary=false; factoryBeanName=null; factoryMethodName=null; initMethodName=null; destroyMethodName=null, order = 2100, Root bean: class [org.springframework.security.web.access.ExceptionTranslationFilter]; scope=; abstract=false; lazyInit=false; autowireMode=0; dependencyCheck=0; autowireCandidate=true; primary=false; factoryBeanName=null; factoryMethodName=null; initMethodName=null; destroyMethodName=null, order = 2200, <org.springframework.security.web.access.intercept.FilterSecurityInterceptor#0>, order = 2300]
2015-09-12 10:45:53 INFO  PropertyPlaceholderConfigurer:172 - Loading properties file from class path resource [dataSource.properties]
2015-09-12 10:45:53 INFO  AutowiredAnnotationBeanPostProcessor:153 - JSR-330 'javax.inject.Inject' annotation found and supported for autowiring
2015-09-12 10:45:54 INFO  RequestMappingHandlerMapping:531 - Mapped "{[/signup],methods=[POST],consumes=[application/json]}" onto public java.lang.String com.exzeo.spark.controller.UserRest.signUp(com.exzeo.spark.model.User,javax.servlet.http.HttpServletRequest,javax.servlet.http.HttpServletResponse)
2015-09-12 10:45:54 INFO  Version:27 - HV000001: Hibernate Validator 5.0.2.Final
2015-09-12 10:45:54 INFO  RequestMappingHandlerAdapter:532 - Looking for @ControllerAdvice: Root WebApplicationContext: startup date [Sat Sep 12 10:45:53 IST 2015]; root of context hierarchy
2015-09-12 10:45:54 INFO  RequestMappingHandlerAdapter:532 - Looking for @ControllerAdvice: Root WebApplicationContext: startup date [Sat Sep 12 10:45:53 IST 2015]; root of context hierarchy
2015-09-12 10:45:54 INFO  DriverManagerDataSource:133 - Loaded JDBC driver: com.mysql.jdbc.Driver
2015-09-12 10:45:55 INFO  Version:37 - HCANN000001: Hibernate Commons Annotations {4.0.2.Final}
2015-09-12 10:45:55 INFO  Version:41 - HHH000412: Hibernate Core {4.2.5.Final}
2015-09-12 10:45:55 INFO  Environment:238 - HHH000206: hibernate.properties not found
2015-09-12 10:45:55 INFO  Environment:345 - HHH000021: Bytecode provider name : javassist
2015-09-12 10:45:55 INFO  Dialect:130 - HHH000400: Using dialect: org.hibernate.dialect.MySQL5Dialect
2015-09-12 10:45:55 INFO  TransactionFactoryInitiator:68 - HHH000399: Using default transaction strategy (direct JDBC transactions)
2015-09-12 10:45:55 INFO  ASTQueryTranslatorFactory:48 - HHH000397: Using ASTQueryTranslatorFactory
2015-09-12 10:46:03 WARN  XmlWebApplicationContext:544 - Exception encountered during context initialization - cancelling refresh attempt
org.springframework.beans.factory.BeanCreationException: Error creating bean with name 'liquibase' defined in ServletContext resource [/WEB-INF/spark-servlet.xml]: Invocation of init method failed; nested exception is liquibase.exception.ValidationFailedException: Validation Failed:
     1 change sets check sum
          classpath:db-changelog.xml::1::vishal is now: 7:b2e2bf96e766e06491971a5c3ad9cd66

	at org.springframework.beans.factory.support.AbstractAutowireCapableBeanFactory.initializeBean(AbstractAutowireCapableBeanFactory.java:1578)
	at org.springframework.beans.factory.support.AbstractAutowireCapableBeanFactory.doCreateBean(AbstractAutowireCapableBeanFactory.java:545)
	at org.springframework.beans.factory.support.AbstractAutowireCapableBeanFactory.createBean(AbstractAutowireCapableBeanFactory.java:482)
	at org.springframework.beans.factory.support.AbstractBeanFactory$1.getObject(AbstractBeanFactory.java:305)
	at org.springframework.beans.factory.support.DefaultSingletonBeanRegistry.getSingleton(DefaultSingletonBeanRegistry.java:230)
	at org.springframework.beans.factory.support.AbstractBeanFactory.doGetBean(AbstractBeanFactory.java:301)
	at org.springframework.beans.factory.support.AbstractBeanFactory.getBean(AbstractBeanFactory.java:196)
	at org.springframework.beans.factory.support.DefaultListableBeanFactory.preInstantiateSingletons(DefaultListableBeanFactory.java:772)
	at org.springframework.context.support.AbstractApplicationContext.finishBeanFactoryInitialization(AbstractApplicationContext.java:834)
	at org.springframework.context.support.AbstractApplicationContext.refresh(AbstractApplicationContext.java:537)
	at org.springframework.web.context.ContextLoader.configureAndRefreshWebApplicationContext(ContextLoader.java:446)
	at org.springframework.web.context.ContextLoader.initWebApplicationContext(ContextLoader.java:328)
	at org.springframework.web.context.ContextLoaderListener.contextInitialized(ContextLoaderListener.java:107)
	at org.eclipse.jetty.server.handler.ContextHandler.callContextInitialized(ContextHandler.java:782)
	at org.eclipse.jetty.servlet.ServletContextHandler.callContextInitialized(ServletContextHandler.java:424)
	at org.eclipse.jetty.server.handler.ContextHandler.startContext(ContextHandler.java:774)
	at org.eclipse.jetty.servlet.ServletContextHandler.startContext(ServletContextHandler.java:249)
	at org.eclipse.jetty.webapp.WebAppContext.startContext(WebAppContext.java:1242)
	at org.eclipse.jetty.server.handler.ContextHandler.doStart(ContextHandler.java:717)
	at org.eclipse.jetty.webapp.WebAppContext.doStart(WebAppContext.java:494)
	at org.mortbay.jetty.plugin.JettyWebAppContext.doStart(JettyWebAppContext.java:298)
	at org.eclipse.jetty.util.component.AbstractLifeCycle.start(AbstractLifeCycle.java:64)
	at org.eclipse.jetty.server.handler.HandlerCollection.doStart(HandlerCollection.java:229)
	at org.eclipse.jetty.server.handler.ContextHandlerCollection.doStart(ContextHandlerCollection.java:172)
	at org.eclipse.jetty.util.component.AbstractLifeCycle.start(AbstractLifeCycle.java:64)
	at org.eclipse.jetty.server.handler.HandlerCollection.doStart(HandlerCollection.java:229)
	at org.eclipse.jetty.util.component.AbstractLifeCycle.start(AbstractLifeCycle.java:64)
	at org.eclipse.jetty.server.handler.HandlerWrapper.doStart(HandlerWrapper.java:95)
	at org.eclipse.jetty.server.Server.doStart(Server.java:282)
	at org.mortbay.jetty.plugin.JettyServer.doStart(JettyServer.java:65)
	at org.eclipse.jetty.util.component.AbstractLifeCycle.start(AbstractLifeCycle.java:64)
	at org.mortbay.jetty.plugin.AbstractJettyMojo.startJetty(AbstractJettyMojo.java:520)
	at org.mortbay.jetty.plugin.AbstractJettyMojo.execute(AbstractJettyMojo.java:365)
	at org.mortbay.jetty.plugin.JettyRunMojo.execute(JettyRunMojo.java:523)
	at org.apache.maven.plugin.DefaultBuildPluginManager.executeMojo(DefaultBuildPluginManager.java:101)
	at org.apache.maven.lifecycle.internal.MojoExecutor.execute(MojoExecutor.java:209)
	at org.apache.maven.lifecycle.internal.MojoExecutor.execute(MojoExecutor.java:153)
	at org.apache.maven.lifecycle.internal.MojoExecutor.execute(MojoExecutor.java:145)
	at org.apache.maven.lifecycle.internal.LifecycleModuleBuilder.buildProject(LifecycleModuleBuilder.java:84)
	at org.apache.maven.lifecycle.internal.LifecycleModuleBuilder.buildProject(LifecycleModuleBuilder.java:59)
	at org.apache.maven.lifecycle.internal.LifecycleStarter.singleThreadedBuild(LifecycleStarter.java:183)
	at org.apache.maven.lifecycle.internal.LifecycleStarter.execute(LifecycleStarter.java:161)
	at org.apache.maven.DefaultMaven.doExecute(DefaultMaven.java:320)
	at org.apache.maven.DefaultMaven.execute(DefaultMaven.java:156)
	at org.apache.maven.cli.MavenCli.execute(MavenCli.java:537)
	at org.apache.maven.cli.MavenCli.doMain(MavenCli.java:196)
	at org.apache.maven.cli.MavenCli.main(MavenCli.java:141)
	at sun.reflect.NativeMethodAccessorImpl.invoke0(Native Method)
	at sun.reflect.NativeMethodAccessorImpl.invoke(NativeMethodAccessorImpl.java:62)
	at sun.reflect.DelegatingMethodAccessorImpl.invoke(DelegatingMethodAccessorImpl.java:43)
	at java.lang.reflect.Method.invoke(Method.java:497)
	at org.codehaus.plexus.classworlds.launcher.Launcher.launchEnhanced(Launcher.java:290)
	at org.codehaus.plexus.classworlds.launcher.Launcher.launch(Launcher.java:230)
	at org.codehaus.plexus.classworlds.launcher.Launcher.mainWithExitCode(Launcher.java:409)
	at org.codehaus.plexus.classworlds.launcher.Launcher.main(Launcher.java:352)
Caused by: liquibase.exception.ValidationFailedException: Validation Failed:
     1 change sets check sum
          classpath:db-changelog.xml::1::vishal is now: 7:b2e2bf96e766e06491971a5c3ad9cd66

	at liquibase.changelog.DatabaseChangeLog.validate(DatabaseChangeLog.java:151)
	at liquibase.Liquibase.update(Liquibase.java:132)
	at liquibase.integration.spring.SpringLiquibase.performUpdate(SpringLiquibase.java:291)
	at liquibase.integration.spring.SpringLiquibase.afterPropertiesSet(SpringLiquibase.java:258)
	at org.springframework.beans.factory.support.AbstractAutowireCapableBeanFactory.invokeInitMethods(AbstractAutowireCapableBeanFactory.java:1637)
	at org.springframework.beans.factory.support.AbstractAutowireCapableBeanFactory.initializeBean(AbstractAutowireCapableBeanFactory.java:1574)
	... 54 more
2015-09-12 10:46:03 ERROR ContextLoader:353 - Context initialization failed
org.springframework.beans.factory.BeanCreationException: Error creating bean with name 'liquibase' defined in ServletContext resource [/WEB-INF/spark-servlet.xml]: Invocation of init method failed; nested exception is liquibase.exception.ValidationFailedException: Validation Failed:
     1 change sets check sum
          classpath:db-changelog.xml::1::vishal is now: 7:b2e2bf96e766e06491971a5c3ad9cd66

	at org.springframework.beans.factory.support.AbstractAutowireCapableBeanFactory.initializeBean(AbstractAutowireCapableBeanFactory.java:1578)
	at org.springframework.beans.factory.support.AbstractAutowireCapableBeanFactory.doCreateBean(AbstractAutowireCapableBeanFactory.java:545)
	at org.springframework.beans.factory.support.AbstractAutowireCapableBeanFactory.createBean(AbstractAutowireCapableBeanFactory.java:482)
	at org.springframework.beans.factory.support.AbstractBeanFactory$1.getObject(AbstractBeanFactory.java:305)
	at org.springframework.beans.factory.support.DefaultSingletonBeanRegistry.getSingleton(DefaultSingletonBeanRegistry.java:230)
	at org.springframework.beans.factory.support.AbstractBeanFactory.doGetBean(AbstractBeanFactory.java:301)
	at org.springframework.beans.factory.support.AbstractBeanFactory.getBean(AbstractBeanFactory.java:196)
	at org.springframework.beans.factory.support.DefaultListableBeanFactory.preInstantiateSingletons(DefaultListableBeanFactory.java:772)
	at org.springframework.context.support.AbstractApplicationContext.finishBeanFactoryInitialization(AbstractApplicationContext.java:834)
	at org.springframework.context.support.AbstractApplicationContext.refresh(AbstractApplicationContext.java:537)
	at org.springframework.web.context.ContextLoader.configureAndRefreshWebApplicationContext(ContextLoader.java:446)
	at org.springframework.web.context.ContextLoader.initWebApplicationContext(ContextLoader.java:328)
	at org.springframework.web.context.ContextLoaderListener.contextInitialized(ContextLoaderListener.java:107)
	at org.eclipse.jetty.server.handler.ContextHandler.callContextInitialized(ContextHandler.java:782)
	at org.eclipse.jetty.servlet.ServletContextHandler.callContextInitialized(ServletContextHandler.java:424)
	at org.eclipse.jetty.server.handler.ContextHandler.startContext(ContextHandler.java:774)
	at org.eclipse.jetty.servlet.ServletContextHandler.startContext(ServletContextHandler.java:249)
	at org.eclipse.jetty.webapp.WebAppContext.startContext(WebAppContext.java:1242)
	at org.eclipse.jetty.server.handler.ContextHandler.doStart(ContextHandler.java:717)
	at org.eclipse.jetty.webapp.WebAppContext.doStart(WebAppContext.java:494)
	at org.mortbay.jetty.plugin.JettyWebAppContext.doStart(JettyWebAppContext.java:298)
	at org.eclipse.jetty.util.component.AbstractLifeCycle.start(AbstractLifeCycle.java:64)
	at org.eclipse.jetty.server.handler.HandlerCollection.doStart(HandlerCollection.java:229)
	at org.eclipse.jetty.server.handler.ContextHandlerCollection.doStart(ContextHandlerCollection.java:172)
	at org.eclipse.jetty.util.component.AbstractLifeCycle.start(AbstractLifeCycle.java:64)
	at org.eclipse.jetty.server.handler.HandlerCollection.doStart(HandlerCollection.java:229)
	at org.eclipse.jetty.util.component.AbstractLifeCycle.start(AbstractLifeCycle.java:64)
	at org.eclipse.jetty.server.handler.HandlerWrapper.doStart(HandlerWrapper.java:95)
	at org.eclipse.jetty.server.Server.doStart(Server.java:282)
	at org.mortbay.jetty.plugin.JettyServer.doStart(JettyServer.java:65)
	at org.eclipse.jetty.util.component.AbstractLifeCycle.start(AbstractLifeCycle.java:64)
	at org.mortbay.jetty.plugin.AbstractJettyMojo.startJetty(AbstractJettyMojo.java:520)
	at org.mortbay.jetty.plugin.AbstractJettyMojo.execute(AbstractJettyMojo.java:365)
	at org.mortbay.jetty.plugin.JettyRunMojo.execute(JettyRunMojo.java:523)
	at org.apache.maven.plugin.DefaultBuildPluginManager.executeMojo(DefaultBuildPluginManager.java:101)
	at org.apache.maven.lifecycle.internal.MojoExecutor.execute(MojoExecutor.java:209)
	at org.apache.maven.lifecycle.internal.MojoExecutor.execute(MojoExecutor.java:153)
	at org.apache.maven.lifecycle.internal.MojoExecutor.execute(MojoExecutor.java:145)
	at org.apache.maven.lifecycle.internal.LifecycleModuleBuilder.buildProject(LifecycleModuleBuilder.java:84)
	at org.apache.maven.lifecycle.internal.LifecycleModuleBuilder.buildProject(LifecycleModuleBuilder.java:59)
	at org.apache.maven.lifecycle.internal.LifecycleStarter.singleThreadedBuild(LifecycleStarter.java:183)
	at org.apache.maven.lifecycle.internal.LifecycleStarter.execute(LifecycleStarter.java:161)
	at org.apache.maven.DefaultMaven.doExecute(DefaultMaven.java:320)
	at org.apache.maven.DefaultMaven.execute(DefaultMaven.java:156)
	at org.apache.maven.cli.MavenCli.execute(MavenCli.java:537)
	at org.apache.maven.cli.MavenCli.doMain(MavenCli.java:196)
	at org.apache.maven.cli.MavenCli.main(MavenCli.java:141)
	at sun.reflect.NativeMethodAccessorImpl.invoke0(Native Method)
	at sun.reflect.NativeMethodAccessorImpl.invoke(NativeMethodAccessorImpl.java:62)
	at sun.reflect.DelegatingMethodAccessorImpl.invoke(DelegatingMethodAccessorImpl.java:43)
	at java.lang.reflect.Method.invoke(Method.java:497)
	at org.codehaus.plexus.classworlds.launcher.Launcher.launchEnhanced(Launcher.java:290)
	at org.codehaus.plexus.classworlds.launcher.Launcher.launch(Launcher.java:230)
	at org.codehaus.plexus.classworlds.launcher.Launcher.mainWithExitCode(Launcher.java:409)
	at org.codehaus.plexus.classworlds.launcher.Launcher.main(Launcher.java:352)
Caused by: liquibase.exception.ValidationFailedException: Validation Failed:
     1 change sets check sum
          classpath:db-changelog.xml::1::vishal is now: 7:b2e2bf96e766e06491971a5c3ad9cd66

	at liquibase.changelog.DatabaseChangeLog.validate(DatabaseChangeLog.java:151)
	at liquibase.Liquibase.update(Liquibase.java:132)
	at liquibase.integration.spring.SpringLiquibase.performUpdate(SpringLiquibase.java:291)
	at liquibase.integration.spring.SpringLiquibase.afterPropertiesSet(SpringLiquibase.java:258)
	at org.springframework.beans.factory.support.AbstractAutowireCapableBeanFactory.invokeInitMethods(AbstractAutowireCapableBeanFactory.java:1637)
	at org.springframework.beans.factory.support.AbstractAutowireCapableBeanFactory.initializeBean(AbstractAutowireCapableBeanFactory.java:1574)
	... 54 more
2015-09-12 10:47:20 INFO  ContextLoader:307 - Root WebApplicationContext: initialization started
2015-09-12 10:47:20 INFO  XmlWebApplicationContext:573 - Refreshing Root WebApplicationContext: startup date [Sat Sep 12 10:47:20 IST 2015]; root of context hierarchy
2015-09-12 10:47:20 INFO  XmlBeanDefinitionReader:317 - Loading XML bean definitions from ServletContext resource [/WEB-INF/spark-servlet.xml]
2015-09-12 10:47:20 INFO  XmlBeanDefinitionReader:317 - Loading XML bean definitions from ServletContext resource [/WEB-INF/spark-security.xml]
2015-09-12 10:47:20 INFO  SpringSecurityCoreVersion:59 - You are running with Spring Security Core 4.0.2.RELEASE
2015-09-12 10:47:20 INFO  SecurityNamespaceHandler:78 - Spring Security 'config' module version is 4.0.2.RELEASE
2015-09-12 10:47:20 INFO  FilterInvocationSecurityMetadataSourceParser:158 - Creating access control expression attribute 'permitAll' for /login
2015-09-12 10:47:20 INFO  FilterInvocationSecurityMetadataSourceParser:158 - Creating access control expression attribute 'permitAll' for /signup
2015-09-12 10:47:21 INFO  AuthenticationConfigBuilder:539 - No login page configured. The default internal one will be used. Use the 'login-page' attribute to set the URL of the login page.
2015-09-12 10:47:21 INFO  HttpSecurityBeanDefinitionParser:306 - Checking sorted filter chain: [Root bean: class [org.springframework.security.web.context.SecurityContextPersistenceFilter]; scope=; abstract=false; lazyInit=false; autowireMode=0; dependencyCheck=0; autowireCandidate=true; primary=false; factoryBeanName=null; factoryMethodName=null; initMethodName=null; destroyMethodName=null, order = 200, Root bean: class [org.springframework.security.web.context.request.async.WebAsyncManagerIntegrationFilter]; scope=; abstract=false; lazyInit=false; autowireMode=0; dependencyCheck=0; autowireCandidate=true; primary=false; factoryBeanName=null; factoryMethodName=null; initMethodName=null; destroyMethodName=null, order = 400, Root bean: class [org.springframework.security.web.header.HeaderWriterFilter]; scope=; abstract=false; lazyInit=false; autowireMode=0; dependencyCheck=0; autowireCandidate=true; primary=false; factoryBeanName=null; factoryMethodName=null; initMethodName=null; destroyMethodName=null, order = 500, Root bean: class [org.springframework.security.web.authentication.logout.LogoutFilter]; scope=; abstract=false; lazyInit=false; autowireMode=0; dependencyCheck=0; autowireCandidate=true; primary=false; factoryBeanName=null; factoryMethodName=null; initMethodName=null; destroyMethodName=null, order = 700, <org.springframework.security.web.authentication.UsernamePasswordAuthenticationFilter#0>, order = 1100, Root bean: class [org.springframework.security.web.authentication.ui.DefaultLoginPageGeneratingFilter]; scope=; abstract=false; lazyInit=false; autowireMode=0; dependencyCheck=0; autowireCandidate=true; primary=false; factoryBeanName=null; factoryMethodName=null; initMethodName=null; destroyMethodName=null, order = 1300, Root bean: class [org.springframework.security.web.savedrequest.RequestCacheAwareFilter]; scope=; abstract=false; lazyInit=false; autowireMode=0; dependencyCheck=0; autowireCandidate=true; primary=false; factoryBeanName=null; factoryMethodName=null; initMethodName=null; destroyMethodName=null, order = 1600, Root bean: class [org.springframework.security.web.servletapi.SecurityContextHolderAwareRequestFilter]; scope=; abstract=false; lazyInit=false; autowireMode=0; dependencyCheck=0; autowireCandidate=true; primary=false; factoryBeanName=null; factoryMethodName=null; initMethodName=null; destroyMethodName=null, order = 1700, Root bean: class [org.springframework.security.web.authentication.AnonymousAuthenticationFilter]; scope=; abstract=false; lazyInit=false; autowireMode=0; dependencyCheck=0; autowireCandidate=true; primary=false; factoryBeanName=null; factoryMethodName=null; initMethodName=null; destroyMethodName=null, order = 2000, Root bean: class [org.springframework.security.web.session.SessionManagementFilter]; scope=; abstract=false; lazyInit=false; autowireMode=0; dependencyCheck=0; autowireCandidate=true; primary=false; factoryBeanName=null; factoryMethodName=null; initMethodName=null; destroyMethodName=null, order = 2100, Root bean: class [org.springframework.security.web.access.ExceptionTranslationFilter]; scope=; abstract=false; lazyInit=false; autowireMode=0; dependencyCheck=0; autowireCandidate=true; primary=false; factoryBeanName=null; factoryMethodName=null; initMethodName=null; destroyMethodName=null, order = 2200, <org.springframework.security.web.access.intercept.FilterSecurityInterceptor#0>, order = 2300]
2015-09-12 10:47:21 INFO  PropertyPlaceholderConfigurer:172 - Loading properties file from class path resource [dataSource.properties]
2015-09-12 10:47:21 INFO  AutowiredAnnotationBeanPostProcessor:153 - JSR-330 'javax.inject.Inject' annotation found and supported for autowiring
2015-09-12 10:47:21 INFO  RequestMappingHandlerMapping:531 - Mapped "{[/signup],methods=[POST],consumes=[application/json]}" onto public java.lang.String com.exzeo.spark.controller.UserRest.signUp(com.exzeo.spark.model.User,javax.servlet.http.HttpServletRequest,javax.servlet.http.HttpServletResponse)
2015-09-12 10:47:21 INFO  Version:27 - HV000001: Hibernate Validator 5.0.2.Final
2015-09-12 10:47:22 INFO  RequestMappingHandlerAdapter:532 - Looking for @ControllerAdvice: Root WebApplicationContext: startup date [Sat Sep 12 10:47:20 IST 2015]; root of context hierarchy
2015-09-12 10:47:22 INFO  RequestMappingHandlerAdapter:532 - Looking for @ControllerAdvice: Root WebApplicationContext: startup date [Sat Sep 12 10:47:20 IST 2015]; root of context hierarchy
2015-09-12 10:47:22 INFO  DriverManagerDataSource:133 - Loaded JDBC driver: com.mysql.jdbc.Driver
2015-09-12 10:47:22 INFO  Version:37 - HCANN000001: Hibernate Commons Annotations {4.0.2.Final}
2015-09-12 10:47:22 INFO  Version:41 - HHH000412: Hibernate Core {4.2.5.Final}
2015-09-12 10:47:22 INFO  Environment:238 - HHH000206: hibernate.properties not found
2015-09-12 10:47:22 INFO  Environment:345 - HHH000021: Bytecode provider name : javassist
2015-09-12 10:47:22 INFO  Dialect:130 - HHH000400: Using dialect: org.hibernate.dialect.MySQL5Dialect
2015-09-12 10:47:23 INFO  TransactionFactoryInitiator:68 - HHH000399: Using default transaction strategy (direct JDBC transactions)
2015-09-12 10:47:23 INFO  ASTQueryTranslatorFactory:48 - HHH000397: Using ASTQueryTranslatorFactory
2015-09-12 10:47:57 INFO  RequestMappingHandlerAdapter:532 - Looking for @ControllerAdvice: Root WebApplicationContext: startup date [Sat Sep 12 10:47:20 IST 2015]; root of context hierarchy
2015-09-12 10:47:58 INFO  DefaultSecurityFilterChain:28 - Creating filter chain: org.springframework.security.web.util.matcher.AnyRequestMatcher@1, [org.springframework.security.web.context.SecurityContextPersistenceFilter@1add62, org.springframework.security.web.context.request.async.WebAsyncManagerIntegrationFilter@3c7f2f, org.springframework.security.web.header.HeaderWriterFilter@b077e3, org.springframework.security.web.authentication.logout.LogoutFilter@18758da, org.springframework.security.web.authentication.UsernamePasswordAuthenticationFilter@12c6085, org.springframework.security.web.authentication.ui.DefaultLoginPageGeneratingFilter@78ad08, org.springframework.security.web.savedrequest.RequestCacheAwareFilter@128d00b, org.springframework.security.web.servletapi.SecurityContextHolderAwareRequestFilter@740f3c, org.springframework.security.web.authentication.AnonymousAuthenticationFilter@427a3f, org.springframework.security.web.session.SessionManagementFilter@17b91d2, org.springframework.security.web.access.ExceptionTranslationFilter@26a27e, org.springframework.security.web.access.intercept.FilterSecurityInterceptor@254d29]
2015-09-12 10:47:58 INFO  ContextLoader:347 - Root WebApplicationContext: initialization completed in 38018 ms
2015-09-12 10:47:58 INFO  DispatcherServlet:488 - FrameworkServlet 'spark': initialization started
2015-09-12 10:47:58 INFO  XmlWebApplicationContext:573 - Refreshing WebApplicationContext for namespace 'spark-servlet': startup date [Sat Sep 12 10:47:58 IST 2015]; parent: Root WebApplicationContext
2015-09-12 10:47:58 INFO  XmlBeanDefinitionReader:317 - Loading XML bean definitions from ServletContext resource [/WEB-INF/spark-servlet.xml]
2015-09-12 10:47:58 INFO  PropertyPlaceholderConfigurer:172 - Loading properties file from class path resource [dataSource.properties]
2015-09-12 10:47:58 INFO  AutowiredAnnotationBeanPostProcessor:153 - JSR-330 'javax.inject.Inject' annotation found and supported for autowiring
2015-09-12 10:47:58 INFO  RequestMappingHandlerMapping:531 - Mapped "{[/signup],methods=[POST],consumes=[application/json]}" onto public java.lang.String com.exzeo.spark.controller.UserRest.signUp(com.exzeo.spark.model.User,javax.servlet.http.HttpServletRequest,javax.servlet.http.HttpServletResponse)
2015-09-12 10:47:58 INFO  RequestMappingHandlerAdapter:532 - Looking for @ControllerAdvice: WebApplicationContext for namespace 'spark-servlet': startup date [Sat Sep 12 10:47:58 IST 2015]; parent: Root WebApplicationContext
2015-09-12 10:47:58 INFO  RequestMappingHandlerAdapter:532 - Looking for @ControllerAdvice: WebApplicationContext for namespace 'spark-servlet': startup date [Sat Sep 12 10:47:58 IST 2015]; parent: Root WebApplicationContext
2015-09-12 10:47:58 INFO  DriverManagerDataSource:133 - Loaded JDBC driver: com.mysql.jdbc.Driver
2015-09-12 10:47:58 INFO  Dialect:130 - HHH000400: Using dialect: org.hibernate.dialect.MySQL5Dialect
2015-09-12 10:47:58 INFO  TransactionFactoryInitiator:68 - HHH000399: Using default transaction strategy (direct JDBC transactions)
2015-09-12 10:47:58 INFO  ASTQueryTranslatorFactory:48 - HHH000397: Using ASTQueryTranslatorFactory
2015-09-12 10:47:59 INFO  RequestMappingHandlerAdapter:532 - Looking for @ControllerAdvice: WebApplicationContext for namespace 'spark-servlet': startup date [Sat Sep 12 10:47:58 IST 2015]; parent: Root WebApplicationContext
2015-09-12 10:47:59 INFO  DispatcherServlet:507 - FrameworkServlet 'spark': initialization completed in 1087 ms
2015-09-12 10:49:56 WARN  DefaultHandlerExceptionResolver:186 - Handler execution resulted in exception: Content type 'application/x-www-form-urlencoded;charset=UTF-8' not supported
2015-09-12 10:56:16 INFO  UserRest:28 - Got request for sign up
2015-09-12 10:56:17 WARN  SqlExceptionHelper:145 - SQL Error: 1048, SQLState: 23000
2015-09-12 10:56:17 ERROR SqlExceptionHelper:147 - Column 'age' cannot be null
2015-09-12 10:56:17 ERROR UserRest:33 - Problem while saving user 
org.hibernate.exception.ConstraintViolationException: could not execute statement
	at org.hibernate.exception.internal.SQLExceptionTypeDelegate.convert(SQLExceptionTypeDelegate.java:74)
	at org.hibernate.exception.internal.StandardSQLExceptionConverter.convert(StandardSQLExceptionConverter.java:49)
	at org.hibernate.engine.jdbc.spi.SqlExceptionHelper.convert(SqlExceptionHelper.java:125)
	at org.hibernate.engine.jdbc.spi.SqlExceptionHelper.convert(SqlExceptionHelper.java:110)
	at org.hibernate.engine.jdbc.internal.ResultSetReturnImpl.executeUpdate(ResultSetReturnImpl.java:136)
	at org.hibernate.id.IdentityGenerator$GetGeneratedKeysDelegate.executeAndExtract(IdentityGenerator.java:96)
	at org.hibernate.id.insert.AbstractReturningDelegate.performInsert(AbstractReturningDelegate.java:58)
	at org.hibernate.persister.entity.AbstractEntityPersister.insert(AbstractEntityPersister.java:2975)
	at org.hibernate.persister.entity.AbstractEntityPersister.insert(AbstractEntityPersister.java:3487)
	at org.hibernate.action.internal.EntityIdentityInsertAction.execute(EntityIdentityInsertAction.java:81)
	at org.hibernate.engine.spi.ActionQueue.execute(ActionQueue.java:377)
	at org.hibernate.engine.spi.ActionQueue.addResolvedEntityInsertAction(ActionQueue.java:214)
	at org.hibernate.engine.spi.ActionQueue.addInsertAction(ActionQueue.java:194)
	at org.hibernate.engine.spi.ActionQueue.addAction(ActionQueue.java:178)
	at org.hibernate.event.internal.AbstractSaveEventListener.addInsertAction(AbstractSaveEventListener.java:321)
	at org.hibernate.event.internal.AbstractSaveEventListener.performSaveOrReplicate(AbstractSaveEventListener.java:286)
	at org.hibernate.event.internal.AbstractSaveEventListener.performSave(AbstractSaveEventListener.java:192)
	at org.hibernate.event.internal.AbstractSaveEventListener.saveWithGeneratedId(AbstractSaveEventListener.java:125)
	at org.hibernate.event.internal.DefaultSaveOrUpdateEventListener.saveWithGeneratedOrRequestedId(DefaultSaveOrUpdateEventListener.java:206)
	at org.hibernate.event.internal.DefaultSaveOrUpdateEventListener.entityIsTransient(DefaultSaveOrUpdateEventListener.java:191)
	at org.hibernate.event.internal.DefaultSaveOrUpdateEventListener.performSaveOrUpdate(DefaultSaveOrUpdateEventListener.java:114)
	at org.hibernate.event.internal.DefaultSaveOrUpdateEventListener.onSaveOrUpdate(DefaultSaveOrUpdateEventListener.java:90)
	at org.hibernate.internal.SessionImpl.fireSaveOrUpdate(SessionImpl.java:735)
	at org.hibernate.internal.SessionImpl.saveOrUpdate(SessionImpl.java:727)
	at org.hibernate.internal.SessionImpl.saveOrUpdate(SessionImpl.java:723)
	at com.exzeo.spark.daoImpl.BaseDAOImpl.saveOrUpdate(BaseDAOImpl.java:54)
	at com.exzeo.spark.serviceImpl.UserServiceImpl.saveUser(UserServiceImpl.java:27)
	at sun.reflect.NativeMethodAccessorImpl.invoke0(Native Method)
	at sun.reflect.NativeMethodAccessorImpl.invoke(NativeMethodAccessorImpl.java:62)
	at sun.reflect.DelegatingMethodAccessorImpl.invoke(DelegatingMethodAccessorImpl.java:43)
	at java.lang.reflect.Method.invoke(Method.java:497)
	at org.springframework.aop.support.AopUtils.invokeJoinpointUsingReflection(AopUtils.java:302)
	at org.springframework.aop.framework.ReflectiveMethodInvocation.invokeJoinpoint(ReflectiveMethodInvocation.java:190)
	at org.springframework.aop.framework.ReflectiveMethodInvocation.proceed(ReflectiveMethodInvocation.java:157)
	at org.springframework.transaction.interceptor.TransactionInterceptor$1.proceedWithInvocation(TransactionInterceptor.java:99)
	at org.springframework.transaction.interceptor.TransactionAspectSupport.invokeWithinTransaction(TransactionAspectSupport.java:281)
	at org.springframework.transaction.interceptor.TransactionInterceptor.invoke(TransactionInterceptor.java:96)
	at org.springframework.aop.framework.ReflectiveMethodInvocation.proceed(ReflectiveMethodInvocation.java:179)
	at org.springframework.aop.framework.JdkDynamicAopProxy.invoke(JdkDynamicAopProxy.java:207)
	at com.sun.proxy.$Proxy43.saveUser(Unknown Source)
	at com.exzeo.spark.controller.UserRest.signUp(UserRest.java:30)
	at sun.reflect.NativeMethodAccessorImpl.invoke0(Native Method)
	at sun.reflect.NativeMethodAccessorImpl.invoke(NativeMethodAccessorImpl.java:62)
	at sun.reflect.DelegatingMethodAccessorImpl.invoke(DelegatingMethodAccessorImpl.java:43)
	at java.lang.reflect.Method.invoke(Method.java:497)
	at org.springframework.web.method.support.InvocableHandlerMethod.doInvoke(InvocableHandlerMethod.java:221)
	at org.springframework.web.method.support.InvocableHandlerMethod.invokeForRequest(InvocableHandlerMethod.java:137)
	at org.springframework.web.servlet.mvc.method.annotation.ServletInvocableHandlerMethod.invokeAndHandle(ServletInvocableHandlerMethod.java:111)
	at org.springframework.web.servlet.mvc.method.annotation.RequestMappingHandlerAdapter.invokeHandlerMethod(RequestMappingHandlerAdapter.java:806)
	at org.springframework.web.servlet.mvc.method.annotation.RequestMappingHandlerAdapter.handleInternal(RequestMappingHandlerAdapter.java:729)
	at org.springframework.web.servlet.mvc.method.AbstractHandlerMethodAdapter.handle(AbstractHandlerMethodAdapter.java:85)
	at org.springframework.web.servlet.DispatcherServlet.doDispatch(DispatcherServlet.java:959)
	at org.springframework.web.servlet.DispatcherServlet.doService(DispatcherServlet.java:893)
	at org.springframework.web.servlet.FrameworkServlet.processRequest(FrameworkServlet.java:970)
	at org.springframework.web.servlet.FrameworkServlet.doPost(FrameworkServlet.java:872)
	at javax.servlet.http.HttpServlet.service(HttpServlet.java:755)
	at org.springframework.web.servlet.FrameworkServlet.service(FrameworkServlet.java:846)
	at javax.servlet.http.HttpServlet.service(HttpServlet.java:848)
	at org.eclipse.jetty.servlet.ServletHolder.handle(ServletHolder.java:684)
	at org.eclipse.jetty.servlet.ServletHandler$CachedChain.doFilter(ServletHandler.java:1496)
	at org.springframework.security.web.FilterChainProxy$VirtualFilterChain.doFilter(FilterChainProxy.java:316)
	at org.springframework.security.web.access.intercept.FilterSecurityInterceptor.invoke(FilterSecurityInterceptor.java:126)
	at org.springframework.security.web.access.intercept.FilterSecurityInterceptor.doFilter(FilterSecurityInterceptor.java:90)
	at org.springframework.security.web.FilterChainProxy$VirtualFilterChain.doFilter(FilterChainProxy.java:330)
	at org.springframework.security.web.access.ExceptionTranslationFilter.doFilter(ExceptionTranslationFilter.java:114)
	at org.springframework.security.web.FilterChainProxy$VirtualFilterChain.doFilter(FilterChainProxy.java:330)
	at org.springframework.security.web.session.SessionManagementFilter.doFilter(SessionManagementFilter.java:122)
	at org.springframework.security.web.FilterChainProxy$VirtualFilterChain.doFilter(FilterChainProxy.java:330)
	at org.springframework.security.web.authentication.AnonymousAuthenticationFilter.doFilter(AnonymousAuthenticationFilter.java:111)
	at org.springframework.security.web.FilterChainProxy$VirtualFilterChain.doFilter(FilterChainProxy.java:330)
	at org.springframework.security.web.servletapi.SecurityContextHolderAwareRequestFilter.doFilter(SecurityContextHolderAwareRequestFilter.java:169)
	at org.springframework.security.web.FilterChainProxy$VirtualFilterChain.doFilter(FilterChainProxy.java:330)
	at org.springframework.security.web.savedrequest.RequestCacheAwareFilter.doFilter(RequestCacheAwareFilter.java:48)
	at org.springframework.security.web.FilterChainProxy$VirtualFilterChain.doFilter(FilterChainProxy.java:330)
	at org.springframework.security.web.authentication.ui.DefaultLoginPageGeneratingFilter.doFilter(DefaultLoginPageGeneratingFilter.java:162)
	at org.springframework.security.web.FilterChainProxy$VirtualFilterChain.doFilter(FilterChainProxy.java:330)
	at org.springframework.security.web.authentication.AbstractAuthenticationProcessingFilter.doFilter(AbstractAuthenticationProcessingFilter.java:205)
	at org.springframework.security.web.FilterChainProxy$VirtualFilterChain.doFilter(FilterChainProxy.java:330)
	at org.springframework.security.web.authentication.logout.LogoutFilter.doFilter(LogoutFilter.java:120)
	at org.springframework.security.web.FilterChainProxy$VirtualFilterChain.doFilter(FilterChainProxy.java:330)
	at org.springframework.security.web.header.HeaderWriterFilter.doFilterInternal(HeaderWriterFilter.java:64)
	at org.springframework.web.filter.OncePerRequestFilter.doFilter(OncePerRequestFilter.java:107)
	at org.springframework.security.web.FilterChainProxy$VirtualFilterChain.doFilter(FilterChainProxy.java:330)
	at org.springframework.security.web.context.request.async.WebAsyncManagerIntegrationFilter.doFilterInternal(WebAsyncManagerIntegrationFilter.java:53)
	at org.springframework.web.filter.OncePerRequestFilter.doFilter(OncePerRequestFilter.java:107)
	at org.springframework.security.web.FilterChainProxy$VirtualFilterChain.doFilter(FilterChainProxy.java:330)
	at org.springframework.security.web.context.SecurityContextPersistenceFilter.doFilter(SecurityContextPersistenceFilter.java:91)
	at org.springframework.security.web.FilterChainProxy$VirtualFilterChain.doFilter(FilterChainProxy.java:330)
	at org.springframework.security.web.FilterChainProxy.doFilterInternal(FilterChainProxy.java:213)
	at org.springframework.security.web.FilterChainProxy.doFilter(FilterChainProxy.java:176)
	at org.springframework.web.filter.DelegatingFilterProxy.invokeDelegate(DelegatingFilterProxy.java:346)
	at org.springframework.web.filter.DelegatingFilterProxy.doFilter(DelegatingFilterProxy.java:262)
	at org.eclipse.jetty.servlet.ServletHandler$CachedChain.doFilter(ServletHandler.java:1484)
	at filter.SimpleCorsFilter.doFilter(SimpleCorsFilter.java:25)
	at org.eclipse.jetty.servlet.ServletHandler$CachedChain.doFilter(ServletHandler.java:1476)
	at org.eclipse.jetty.servlet.ServletHandler.doHandle(ServletHandler.java:501)
	at org.eclipse.jetty.server.handler.ScopedHandler.handle(ScopedHandler.java:137)
	at org.eclipse.jetty.security.SecurityHandler.handle(SecurityHandler.java:557)
	at org.eclipse.jetty.server.session.SessionHandler.doHandle(SessionHandler.java:231)
	at org.eclipse.jetty.server.handler.ContextHandler.doHandle(ContextHandler.java:1086)
	at org.eclipse.jetty.servlet.ServletHandler.doScope(ServletHandler.java:429)
	at org.eclipse.jetty.server.session.SessionHandler.doScope(SessionHandler.java:193)
	at org.eclipse.jetty.server.handler.ContextHandler.doScope(ContextHandler.java:1020)
	at org.eclipse.jetty.server.handler.ScopedHandler.handle(ScopedHandler.java:135)
	at org.eclipse.jetty.server.handler.ContextHandlerCollection.handle(ContextHandlerCollection.java:255)
	at org.eclipse.jetty.server.handler.HandlerCollection.handle(HandlerCollection.java:154)
	at org.eclipse.jetty.server.handler.HandlerWrapper.handle(HandlerWrapper.java:116)
	at org.eclipse.jetty.server.Server.handle(Server.java:370)
	at org.eclipse.jetty.server.AbstractHttpConnection.handleRequest(AbstractHttpConnection.java:494)
	at org.eclipse.jetty.server.AbstractHttpConnection.content(AbstractHttpConnection.java:982)
	at org.eclipse.jetty.server.AbstractHttpConnection$RequestHandler.content(AbstractHttpConnection.java:1043)
	at org.eclipse.jetty.http.HttpParser.parseNext(HttpParser.java:865)
	at org.eclipse.jetty.http.HttpParser.parseAvailable(HttpParser.java:240)
	at org.eclipse.jetty.server.AsyncHttpConnection.handle(AsyncHttpConnection.java:82)
	at org.eclipse.jetty.io.nio.SelectChannelEndPoint.handle(SelectChannelEndPoint.java:696)
	at org.eclipse.jetty.io.nio.SelectChannelEndPoint$1.run(SelectChannelEndPoint.java:53)
	at org.eclipse.jetty.util.thread.QueuedThreadPool.runJob(QueuedThreadPool.java:608)
	at org.eclipse.jetty.util.thread.QueuedThreadPool$3.run(QueuedThreadPool.java:543)
	at java.lang.Thread.run(Thread.java:745)
Caused by: com.mysql.jdbc.exceptions.jdbc4.MySQLIntegrityConstraintViolationException: Column 'age' cannot be null
	at sun.reflect.NativeConstructorAccessorImpl.newInstance0(Native Method)
	at sun.reflect.NativeConstructorAccessorImpl.newInstance(NativeConstructorAccessorImpl.java:62)
	at sun.reflect.DelegatingConstructorAccessorImpl.newInstance(DelegatingConstructorAccessorImpl.java:45)
	at java.lang.reflect.Constructor.newInstance(Constructor.java:422)
	at com.mysql.jdbc.Util.handleNewInstance(Util.java:411)
	at com.mysql.jdbc.Util.getInstance(Util.java:386)
	at com.mysql.jdbc.SQLError.createSQLException(SQLError.java:1041)
	at com.mysql.jdbc.MysqlIO.checkErrorPacket(MysqlIO.java:4190)
	at com.mysql.jdbc.MysqlIO.checkErrorPacket(MysqlIO.java:4122)
	at com.mysql.jdbc.MysqlIO.sendCommand(MysqlIO.java:2570)
	at com.mysql.jdbc.MysqlIO.sqlQueryDirect(MysqlIO.java:2731)
	at com.mysql.jdbc.ConnectionImpl.execSQL(ConnectionImpl.java:2818)
	at com.mysql.jdbc.PreparedStatement.executeInternal(PreparedStatement.java:2157)
	at com.mysql.jdbc.PreparedStatement.executeUpdate(PreparedStatement.java:2460)
	at com.mysql.jdbc.PreparedStatement.executeUpdate(PreparedStatement.java:2377)
	at com.mysql.jdbc.PreparedStatement.executeUpdate(PreparedStatement.java:2361)
	at org.hibernate.engine.jdbc.internal.ResultSetReturnImpl.executeUpdate(ResultSetReturnImpl.java:133)
	... 114 more
2015-09-12 10:56:58 INFO  XmlWebApplicationContext:951 - Closing WebApplicationContext for namespace 'spark-servlet': startup date [Sat Sep 12 10:47:58 IST 2015]; parent: Root WebApplicationContext
2015-09-12 10:56:58 INFO  XmlWebApplicationContext:951 - Closing Root WebApplicationContext: startup date [Sat Sep 12 10:47:20 IST 2015]; root of context hierarchy
2015-09-12 11:00:36 INFO  ContextLoader:307 - Root WebApplicationContext: initialization started
2015-09-12 11:00:37 INFO  XmlWebApplicationContext:573 - Refreshing Root WebApplicationContext: startup date [Sat Sep 12 11:00:37 IST 2015]; root of context hierarchy
2015-09-12 11:00:37 INFO  XmlBeanDefinitionReader:317 - Loading XML bean definitions from ServletContext resource [/WEB-INF/spark-servlet.xml]
2015-09-12 11:00:37 INFO  XmlBeanDefinitionReader:317 - Loading XML bean definitions from ServletContext resource [/WEB-INF/spark-security.xml]
2015-09-12 11:00:37 INFO  SpringSecurityCoreVersion:59 - You are running with Spring Security Core 4.0.2.RELEASE
2015-09-12 11:00:37 INFO  SecurityNamespaceHandler:78 - Spring Security 'config' module version is 4.0.2.RELEASE
2015-09-12 11:00:37 INFO  FilterInvocationSecurityMetadataSourceParser:158 - Creating access control expression attribute 'permitAll' for /login
2015-09-12 11:00:37 INFO  FilterInvocationSecurityMetadataSourceParser:158 - Creating access control expression attribute 'permitAll' for /signup
2015-09-12 11:00:37 INFO  AuthenticationConfigBuilder:539 - No login page configured. The default internal one will be used. Use the 'login-page' attribute to set the URL of the login page.
2015-09-12 11:00:37 INFO  HttpSecurityBeanDefinitionParser:306 - Checking sorted filter chain: [Root bean: class [org.springframework.security.web.context.SecurityContextPersistenceFilter]; scope=; abstract=false; lazyInit=false; autowireMode=0; dependencyCheck=0; autowireCandidate=true; primary=false; factoryBeanName=null; factoryMethodName=null; initMethodName=null; destroyMethodName=null, order = 200, Root bean: class [org.springframework.security.web.context.request.async.WebAsyncManagerIntegrationFilter]; scope=; abstract=false; lazyInit=false; autowireMode=0; dependencyCheck=0; autowireCandidate=true; primary=false; factoryBeanName=null; factoryMethodName=null; initMethodName=null; destroyMethodName=null, order = 400, Root bean: class [org.springframework.security.web.header.HeaderWriterFilter]; scope=; abstract=false; lazyInit=false; autowireMode=0; dependencyCheck=0; autowireCandidate=true; primary=false; factoryBeanName=null; factoryMethodName=null; initMethodName=null; destroyMethodName=null, order = 500, Root bean: class [org.springframework.security.web.authentication.logout.LogoutFilter]; scope=; abstract=false; lazyInit=false; autowireMode=0; dependencyCheck=0; autowireCandidate=true; primary=false; factoryBeanName=null; factoryMethodName=null; initMethodName=null; destroyMethodName=null, order = 700, <org.springframework.security.web.authentication.UsernamePasswordAuthenticationFilter#0>, order = 1100, Root bean: class [org.springframework.security.web.authentication.ui.DefaultLoginPageGeneratingFilter]; scope=; abstract=false; lazyInit=false; autowireMode=0; dependencyCheck=0; autowireCandidate=true; primary=false; factoryBeanName=null; factoryMethodName=null; initMethodName=null; destroyMethodName=null, order = 1300, Root bean: class [org.springframework.security.web.savedrequest.RequestCacheAwareFilter]; scope=; abstract=false; lazyInit=false; autowireMode=0; dependencyCheck=0; autowireCandidate=true; primary=false; factoryBeanName=null; factoryMethodName=null; initMethodName=null; destroyMethodName=null, order = 1600, Root bean: class [org.springframework.security.web.servletapi.SecurityContextHolderAwareRequestFilter]; scope=; abstract=false; lazyInit=false; autowireMode=0; dependencyCheck=0; autowireCandidate=true; primary=false; factoryBeanName=null; factoryMethodName=null; initMethodName=null; destroyMethodName=null, order = 1700, Root bean: class [org.springframework.security.web.authentication.AnonymousAuthenticationFilter]; scope=; abstract=false; lazyInit=false; autowireMode=0; dependencyCheck=0; autowireCandidate=true; primary=false; factoryBeanName=null; factoryMethodName=null; initMethodName=null; destroyMethodName=null, order = 2000, Root bean: class [org.springframework.security.web.session.SessionManagementFilter]; scope=; abstract=false; lazyInit=false; autowireMode=0; dependencyCheck=0; autowireCandidate=true; primary=false; factoryBeanName=null; factoryMethodName=null; initMethodName=null; destroyMethodName=null, order = 2100, Root bean: class [org.springframework.security.web.access.ExceptionTranslationFilter]; scope=; abstract=false; lazyInit=false; autowireMode=0; dependencyCheck=0; autowireCandidate=true; primary=false; factoryBeanName=null; factoryMethodName=null; initMethodName=null; destroyMethodName=null, order = 2200, <org.springframework.security.web.access.intercept.FilterSecurityInterceptor#0>, order = 2300]
2015-09-12 11:00:37 INFO  PropertyPlaceholderConfigurer:172 - Loading properties file from class path resource [dataSource.properties]
2015-09-12 11:00:37 INFO  AutowiredAnnotationBeanPostProcessor:153 - JSR-330 'javax.inject.Inject' annotation found and supported for autowiring
2015-09-12 11:00:38 INFO  RequestMappingHandlerMapping:531 - Mapped "{[/signup],methods=[POST],consumes=[application/json]}" onto public java.lang.String com.exzeo.spark.controller.UserRest.signUp(com.exzeo.spark.model.User,javax.servlet.http.HttpServletRequest,javax.servlet.http.HttpServletResponse)
2015-09-12 11:00:38 INFO  Version:27 - HV000001: Hibernate Validator 5.0.2.Final
2015-09-12 11:00:38 INFO  RequestMappingHandlerAdapter:532 - Looking for @ControllerAdvice: Root WebApplicationContext: startup date [Sat Sep 12 11:00:37 IST 2015]; root of context hierarchy
2015-09-12 11:00:38 INFO  RequestMappingHandlerAdapter:532 - Looking for @ControllerAdvice: Root WebApplicationContext: startup date [Sat Sep 12 11:00:37 IST 2015]; root of context hierarchy
2015-09-12 11:00:38 INFO  DriverManagerDataSource:133 - Loaded JDBC driver: com.mysql.jdbc.Driver
2015-09-12 11:00:39 INFO  Version:37 - HCANN000001: Hibernate Commons Annotations {4.0.2.Final}
2015-09-12 11:00:39 INFO  Version:41 - HHH000412: Hibernate Core {4.2.5.Final}
2015-09-12 11:00:39 INFO  Environment:238 - HHH000206: hibernate.properties not found
2015-09-12 11:00:39 INFO  Environment:345 - HHH000021: Bytecode provider name : javassist
2015-09-12 11:00:39 INFO  Dialect:130 - HHH000400: Using dialect: org.hibernate.dialect.MySQL5Dialect
2015-09-12 11:00:39 INFO  TransactionFactoryInitiator:68 - HHH000399: Using default transaction strategy (direct JDBC transactions)
2015-09-12 11:00:39 INFO  ASTQueryTranslatorFactory:48 - HHH000397: Using ASTQueryTranslatorFactory
2015-09-12 11:00:46 INFO  RequestMappingHandlerAdapter:532 - Looking for @ControllerAdvice: Root WebApplicationContext: startup date [Sat Sep 12 11:00:37 IST 2015]; root of context hierarchy
2015-09-12 11:00:46 INFO  DefaultSecurityFilterChain:28 - Creating filter chain: org.springframework.security.web.util.matcher.AnyRequestMatcher@1, [org.springframework.security.web.context.SecurityContextPersistenceFilter@ed03c7, org.springframework.security.web.context.request.async.WebAsyncManagerIntegrationFilter@1e93770, org.springframework.security.web.header.HeaderWriterFilter@cfc918, org.springframework.security.web.authentication.logout.LogoutFilter@3f54c7, org.springframework.security.web.authentication.UsernamePasswordAuthenticationFilter@e88abc, org.springframework.security.web.authentication.ui.DefaultLoginPageGeneratingFilter@d47d66, org.springframework.security.web.savedrequest.RequestCacheAwareFilter@a5ecad, org.springframework.security.web.servletapi.SecurityContextHolderAwareRequestFilter@721812, org.springframework.security.web.authentication.AnonymousAuthenticationFilter@1bc70a, org.springframework.security.web.session.SessionManagementFilter@179a762, org.springframework.security.web.access.ExceptionTranslationFilter@9efaa4, org.springframework.security.web.access.intercept.FilterSecurityInterceptor@fadd2d]
2015-09-12 11:00:46 INFO  ContextLoader:347 - Root WebApplicationContext: initialization completed in 9590 ms
2015-09-12 11:00:46 INFO  DispatcherServlet:488 - FrameworkServlet 'spark': initialization started
2015-09-12 11:00:46 INFO  XmlWebApplicationContext:573 - Refreshing WebApplicationContext for namespace 'spark-servlet': startup date [Sat Sep 12 11:00:46 IST 2015]; parent: Root WebApplicationContext
2015-09-12 11:00:46 INFO  XmlBeanDefinitionReader:317 - Loading XML bean definitions from ServletContext resource [/WEB-INF/spark-servlet.xml]
2015-09-12 11:00:46 INFO  PropertyPlaceholderConfigurer:172 - Loading properties file from class path resource [dataSource.properties]
2015-09-12 11:00:46 INFO  AutowiredAnnotationBeanPostProcessor:153 - JSR-330 'javax.inject.Inject' annotation found and supported for autowiring
2015-09-12 11:00:46 INFO  RequestMappingHandlerMapping:531 - Mapped "{[/signup],methods=[POST],consumes=[application/json]}" onto public java.lang.String com.exzeo.spark.controller.UserRest.signUp(com.exzeo.spark.model.User,javax.servlet.http.HttpServletRequest,javax.servlet.http.HttpServletResponse)
2015-09-12 11:00:46 INFO  RequestMappingHandlerAdapter:532 - Looking for @ControllerAdvice: WebApplicationContext for namespace 'spark-servlet': startup date [Sat Sep 12 11:00:46 IST 2015]; parent: Root WebApplicationContext
2015-09-12 11:00:46 INFO  RequestMappingHandlerAdapter:532 - Looking for @ControllerAdvice: WebApplicationContext for namespace 'spark-servlet': startup date [Sat Sep 12 11:00:46 IST 2015]; parent: Root WebApplicationContext
2015-09-12 11:00:46 INFO  DriverManagerDataSource:133 - Loaded JDBC driver: com.mysql.jdbc.Driver
2015-09-12 11:00:46 INFO  Dialect:130 - HHH000400: Using dialect: org.hibernate.dialect.MySQL5Dialect
2015-09-12 11:00:46 INFO  TransactionFactoryInitiator:68 - HHH000399: Using default transaction strategy (direct JDBC transactions)
2015-09-12 11:00:46 INFO  ASTQueryTranslatorFactory:48 - HHH000397: Using ASTQueryTranslatorFactory
2015-09-12 11:00:47 INFO  RequestMappingHandlerAdapter:532 - Looking for @ControllerAdvice: WebApplicationContext for namespace 'spark-servlet': startup date [Sat Sep 12 11:00:46 IST 2015]; parent: Root WebApplicationContext
2015-09-12 11:00:47 INFO  DispatcherServlet:507 - FrameworkServlet 'spark': initialization completed in 975 ms
2015-09-12 11:00:58 WARN  DefaultHandlerExceptionResolver:377 - Failed to read HTTP message: org.springframework.http.converter.HttpMessageNotReadableException: Could not read document: Unrecognized token 'contactNumber': was expecting ('true', 'false' or 'null')
 at [Source: java.io.PushbackInputStream@80b7d3; line: 1, column: 15]; nested exception is com.fasterxml.jackson.core.JsonParseException: Unrecognized token 'contactNumber': was expecting ('true', 'false' or 'null')
 at [Source: java.io.PushbackInputStream@80b7d3; line: 1, column: 15]
2015-09-12 11:00:59 WARN  DefaultHandlerExceptionResolver:186 - Handler execution resulted in exception: Could not read document: Unrecognized token 'contactNumber': was expecting ('true', 'false' or 'null')
 at [Source: java.io.PushbackInputStream@80b7d3; line: 1, column: 15]; nested exception is com.fasterxml.jackson.core.JsonParseException: Unrecognized token 'contactNumber': was expecting ('true', 'false' or 'null')
 at [Source: java.io.PushbackInputStream@80b7d3; line: 1, column: 15]
2015-09-12 11:01:09 WARN  PageNotFound:208 - Request method 'GET' not supported
2015-09-12 11:01:09 WARN  DefaultHandlerExceptionResolver:186 - Handler execution resulted in exception: Request method 'GET' not supported
2015-09-12 11:01:09 WARN  PageNotFound:1136 - No mapping found for HTTP request with URI [/favicon.ico] in DispatcherServlet with name 'spark'
2015-09-12 11:01:49 WARN  DefaultHandlerExceptionResolver:377 - Failed to read HTTP message: org.springframework.http.converter.HttpMessageNotReadableException: Could not read document: Unrecognized token 'contactNumber': was expecting ('true', 'false' or 'null')
 at [Source: java.io.PushbackInputStream@930889; line: 1, column: 15]; nested exception is com.fasterxml.jackson.core.JsonParseException: Unrecognized token 'contactNumber': was expecting ('true', 'false' or 'null')
 at [Source: java.io.PushbackInputStream@930889; line: 1, column: 15]
2015-09-12 11:01:49 WARN  DefaultHandlerExceptionResolver:186 - Handler execution resulted in exception: Could not read document: Unrecognized token 'contactNumber': was expecting ('true', 'false' or 'null')
 at [Source: java.io.PushbackInputStream@930889; line: 1, column: 15]; nested exception is com.fasterxml.jackson.core.JsonParseException: Unrecognized token 'contactNumber': was expecting ('true', 'false' or 'null')
 at [Source: java.io.PushbackInputStream@930889; line: 1, column: 15]
2015-09-12 11:03:00 WARN  DefaultHandlerExceptionResolver:377 - Failed to read HTTP message: org.springframework.http.converter.HttpMessageNotReadableException: Could not read document: Unrecognized token 'contactNumber': was expecting ('true', 'false' or 'null')
 at [Source: java.io.PushbackInputStream@15eeed5; line: 1, column: 15]; nested exception is com.fasterxml.jackson.core.JsonParseException: Unrecognized token 'contactNumber': was expecting ('true', 'false' or 'null')
 at [Source: java.io.PushbackInputStream@15eeed5; line: 1, column: 15]
2015-09-12 11:03:00 WARN  DefaultHandlerExceptionResolver:186 - Handler execution resulted in exception: Could not read document: Unrecognized token 'contactNumber': was expecting ('true', 'false' or 'null')
 at [Source: java.io.PushbackInputStream@15eeed5; line: 1, column: 15]; nested exception is com.fasterxml.jackson.core.JsonParseException: Unrecognized token 'contactNumber': was expecting ('true', 'false' or 'null')
 at [Source: java.io.PushbackInputStream@15eeed5; line: 1, column: 15]
2015-09-12 11:03:02 WARN  DefaultHandlerExceptionResolver:377 - Failed to read HTTP message: org.springframework.http.converter.HttpMessageNotReadableException: Could not read document: Unrecognized token 'contactNumber': was expecting ('true', 'false' or 'null')
 at [Source: java.io.PushbackInputStream@101fd48; line: 1, column: 15]; nested exception is com.fasterxml.jackson.core.JsonParseException: Unrecognized token 'contactNumber': was expecting ('true', 'false' or 'null')
 at [Source: java.io.PushbackInputStream@101fd48; line: 1, column: 15]
2015-09-12 11:03:02 WARN  DefaultHandlerExceptionResolver:186 - Handler execution resulted in exception: Could not read document: Unrecognized token 'contactNumber': was expecting ('true', 'false' or 'null')
 at [Source: java.io.PushbackInputStream@101fd48; line: 1, column: 15]; nested exception is com.fasterxml.jackson.core.JsonParseException: Unrecognized token 'contactNumber': was expecting ('true', 'false' or 'null')
 at [Source: java.io.PushbackInputStream@101fd48; line: 1, column: 15]
2015-09-12 11:04:17 WARN  DefaultHandlerExceptionResolver:377 - Failed to read HTTP message: org.springframework.http.converter.HttpMessageNotReadableException: Could not read document: Unrecognized token 'contactNumber': was expecting ('true', 'false' or 'null')
 at [Source: java.io.PushbackInputStream@a413b5; line: 1, column: 15]; nested exception is com.fasterxml.jackson.core.JsonParseException: Unrecognized token 'contactNumber': was expecting ('true', 'false' or 'null')
 at [Source: java.io.PushbackInputStream@a413b5; line: 1, column: 15]
2015-09-12 11:04:17 WARN  DefaultHandlerExceptionResolver:186 - Handler execution resulted in exception: Could not read document: Unrecognized token 'contactNumber': was expecting ('true', 'false' or 'null')
 at [Source: java.io.PushbackInputStream@a413b5; line: 1, column: 15]; nested exception is com.fasterxml.jackson.core.JsonParseException: Unrecognized token 'contactNumber': was expecting ('true', 'false' or 'null')
 at [Source: java.io.PushbackInputStream@a413b5; line: 1, column: 15]
2015-09-12 11:08:10 WARN  PageNotFound:208 - Request method 'GET' not supported
2015-09-12 11:08:10 WARN  DefaultHandlerExceptionResolver:186 - Handler execution resulted in exception: Request method 'GET' not supported
2015-09-12 11:17:25 INFO  UserRest:28 - Got request for sign up
2015-09-12 11:17:26 WARN  SqlExceptionHelper:145 - SQL Error: 1048, SQLState: 23000
2015-09-12 11:17:26 ERROR SqlExceptionHelper:147 - Column 'name' cannot be null
2015-09-12 11:17:26 ERROR UserRest:33 - Problem while saving user 
org.hibernate.exception.ConstraintViolationException: could not execute statement
	at org.hibernate.exception.internal.SQLExceptionTypeDelegate.convert(SQLExceptionTypeDelegate.java:74)
	at org.hibernate.exception.internal.StandardSQLExceptionConverter.convert(StandardSQLExceptionConverter.java:49)
	at org.hibernate.engine.jdbc.spi.SqlExceptionHelper.convert(SqlExceptionHelper.java:125)
	at org.hibernate.engine.jdbc.spi.SqlExceptionHelper.convert(SqlExceptionHelper.java:110)
	at org.hibernate.engine.jdbc.internal.ResultSetReturnImpl.executeUpdate(ResultSetReturnImpl.java:136)
	at org.hibernate.id.IdentityGenerator$GetGeneratedKeysDelegate.executeAndExtract(IdentityGenerator.java:96)
	at org.hibernate.id.insert.AbstractReturningDelegate.performInsert(AbstractReturningDelegate.java:58)
	at org.hibernate.persister.entity.AbstractEntityPersister.insert(AbstractEntityPersister.java:2975)
	at org.hibernate.persister.entity.AbstractEntityPersister.insert(AbstractEntityPersister.java:3487)
	at org.hibernate.action.internal.EntityIdentityInsertAction.execute(EntityIdentityInsertAction.java:81)
	at org.hibernate.engine.spi.ActionQueue.execute(ActionQueue.java:377)
	at org.hibernate.engine.spi.ActionQueue.addResolvedEntityInsertAction(ActionQueue.java:214)
	at org.hibernate.engine.spi.ActionQueue.addInsertAction(ActionQueue.java:194)
	at org.hibernate.engine.spi.ActionQueue.addAction(ActionQueue.java:178)
	at org.hibernate.event.internal.AbstractSaveEventListener.addInsertAction(AbstractSaveEventListener.java:321)
	at org.hibernate.event.internal.AbstractSaveEventListener.performSaveOrReplicate(AbstractSaveEventListener.java:286)
	at org.hibernate.event.internal.AbstractSaveEventListener.performSave(AbstractSaveEventListener.java:192)
	at org.hibernate.event.internal.AbstractSaveEventListener.saveWithGeneratedId(AbstractSaveEventListener.java:125)
	at org.hibernate.event.internal.DefaultSaveOrUpdateEventListener.saveWithGeneratedOrRequestedId(DefaultSaveOrUpdateEventListener.java:206)
	at org.hibernate.event.internal.DefaultSaveOrUpdateEventListener.entityIsTransient(DefaultSaveOrUpdateEventListener.java:191)
	at org.hibernate.event.internal.DefaultSaveOrUpdateEventListener.performSaveOrUpdate(DefaultSaveOrUpdateEventListener.java:114)
	at org.hibernate.event.internal.DefaultSaveOrUpdateEventListener.onSaveOrUpdate(DefaultSaveOrUpdateEventListener.java:90)
	at org.hibernate.internal.SessionImpl.fireSaveOrUpdate(SessionImpl.java:735)
	at org.hibernate.internal.SessionImpl.saveOrUpdate(SessionImpl.java:727)
	at org.hibernate.internal.SessionImpl.saveOrUpdate(SessionImpl.java:723)
	at com.exzeo.spark.daoImpl.BaseDAOImpl.saveOrUpdate(BaseDAOImpl.java:54)
	at com.exzeo.spark.serviceImpl.UserServiceImpl.saveUser(UserServiceImpl.java:27)
	at sun.reflect.NativeMethodAccessorImpl.invoke0(Native Method)
	at sun.reflect.NativeMethodAccessorImpl.invoke(NativeMethodAccessorImpl.java:62)
	at sun.reflect.DelegatingMethodAccessorImpl.invoke(DelegatingMethodAccessorImpl.java:43)
	at java.lang.reflect.Method.invoke(Method.java:497)
	at org.springframework.aop.support.AopUtils.invokeJoinpointUsingReflection(AopUtils.java:302)
	at org.springframework.aop.framework.ReflectiveMethodInvocation.invokeJoinpoint(ReflectiveMethodInvocation.java:190)
	at org.springframework.aop.framework.ReflectiveMethodInvocation.proceed(ReflectiveMethodInvocation.java:157)
	at org.springframework.transaction.interceptor.TransactionInterceptor$1.proceedWithInvocation(TransactionInterceptor.java:99)
	at org.springframework.transaction.interceptor.TransactionAspectSupport.invokeWithinTransaction(TransactionAspectSupport.java:281)
	at org.springframework.transaction.interceptor.TransactionInterceptor.invoke(TransactionInterceptor.java:96)
	at org.springframework.aop.framework.ReflectiveMethodInvocation.proceed(ReflectiveMethodInvocation.java:179)
	at org.springframework.aop.framework.JdkDynamicAopProxy.invoke(JdkDynamicAopProxy.java:207)
	at com.sun.proxy.$Proxy43.saveUser(Unknown Source)
	at com.exzeo.spark.controller.UserRest.signUp(UserRest.java:30)
	at sun.reflect.NativeMethodAccessorImpl.invoke0(Native Method)
	at sun.reflect.NativeMethodAccessorImpl.invoke(NativeMethodAccessorImpl.java:62)
	at sun.reflect.DelegatingMethodAccessorImpl.invoke(DelegatingMethodAccessorImpl.java:43)
	at java.lang.reflect.Method.invoke(Method.java:497)
	at org.springframework.web.method.support.InvocableHandlerMethod.doInvoke(InvocableHandlerMethod.java:221)
	at org.springframework.web.method.support.InvocableHandlerMethod.invokeForRequest(InvocableHandlerMethod.java:137)
	at org.springframework.web.servlet.mvc.method.annotation.ServletInvocableHandlerMethod.invokeAndHandle(ServletInvocableHandlerMethod.java:111)
	at org.springframework.web.servlet.mvc.method.annotation.RequestMappingHandlerAdapter.invokeHandlerMethod(RequestMappingHandlerAdapter.java:806)
	at org.springframework.web.servlet.mvc.method.annotation.RequestMappingHandlerAdapter.handleInternal(RequestMappingHandlerAdapter.java:729)
	at org.springframework.web.servlet.mvc.method.AbstractHandlerMethodAdapter.handle(AbstractHandlerMethodAdapter.java:85)
	at org.springframework.web.servlet.DispatcherServlet.doDispatch(DispatcherServlet.java:959)
	at org.springframework.web.servlet.DispatcherServlet.doService(DispatcherServlet.java:893)
	at org.springframework.web.servlet.FrameworkServlet.processRequest(FrameworkServlet.java:970)
	at org.springframework.web.servlet.FrameworkServlet.doPost(FrameworkServlet.java:872)
	at javax.servlet.http.HttpServlet.service(HttpServlet.java:755)
	at org.springframework.web.servlet.FrameworkServlet.service(FrameworkServlet.java:846)
	at javax.servlet.http.HttpServlet.service(HttpServlet.java:848)
	at org.eclipse.jetty.servlet.ServletHolder.handle(ServletHolder.java:684)
	at org.eclipse.jetty.servlet.ServletHandler$CachedChain.doFilter(ServletHandler.java:1496)
	at org.springframework.security.web.FilterChainProxy$VirtualFilterChain.doFilter(FilterChainProxy.java:316)
	at org.springframework.security.web.access.intercept.FilterSecurityInterceptor.invoke(FilterSecurityInterceptor.java:126)
	at org.springframework.security.web.access.intercept.FilterSecurityInterceptor.doFilter(FilterSecurityInterceptor.java:90)
	at org.springframework.security.web.FilterChainProxy$VirtualFilterChain.doFilter(FilterChainProxy.java:330)
	at org.springframework.security.web.access.ExceptionTranslationFilter.doFilter(ExceptionTranslationFilter.java:114)
	at org.springframework.security.web.FilterChainProxy$VirtualFilterChain.doFilter(FilterChainProxy.java:330)
	at org.springframework.security.web.session.SessionManagementFilter.doFilter(SessionManagementFilter.java:122)
	at org.springframework.security.web.FilterChainProxy$VirtualFilterChain.doFilter(FilterChainProxy.java:330)
	at org.springframework.security.web.authentication.AnonymousAuthenticationFilter.doFilter(AnonymousAuthenticationFilter.java:111)
	at org.springframework.security.web.FilterChainProxy$VirtualFilterChain.doFilter(FilterChainProxy.java:330)
	at org.springframework.security.web.servletapi.SecurityContextHolderAwareRequestFilter.doFilter(SecurityContextHolderAwareRequestFilter.java:169)
	at org.springframework.security.web.FilterChainProxy$VirtualFilterChain.doFilter(FilterChainProxy.java:330)
	at org.springframework.security.web.savedrequest.RequestCacheAwareFilter.doFilter(RequestCacheAwareFilter.java:48)
	at org.springframework.security.web.FilterChainProxy$VirtualFilterChain.doFilter(FilterChainProxy.java:330)
	at org.springframework.security.web.authentication.ui.DefaultLoginPageGeneratingFilter.doFilter(DefaultLoginPageGeneratingFilter.java:162)
	at org.springframework.security.web.FilterChainProxy$VirtualFilterChain.doFilter(FilterChainProxy.java:330)
	at org.springframework.security.web.authentication.AbstractAuthenticationProcessingFilter.doFilter(AbstractAuthenticationProcessingFilter.java:205)
	at org.springframework.security.web.FilterChainProxy$VirtualFilterChain.doFilter(FilterChainProxy.java:330)
	at org.springframework.security.web.authentication.logout.LogoutFilter.doFilter(LogoutFilter.java:120)
	at org.springframework.security.web.FilterChainProxy$VirtualFilterChain.doFilter(FilterChainProxy.java:330)
	at org.springframework.security.web.header.HeaderWriterFilter.doFilterInternal(HeaderWriterFilter.java:64)
	at org.springframework.web.filter.OncePerRequestFilter.doFilter(OncePerRequestFilter.java:107)
	at org.springframework.security.web.FilterChainProxy$VirtualFilterChain.doFilter(FilterChainProxy.java:330)
	at org.springframework.security.web.context.request.async.WebAsyncManagerIntegrationFilter.doFilterInternal(WebAsyncManagerIntegrationFilter.java:53)
	at org.springframework.web.filter.OncePerRequestFilter.doFilter(OncePerRequestFilter.java:107)
	at org.springframework.security.web.FilterChainProxy$VirtualFilterChain.doFilter(FilterChainProxy.java:330)
	at org.springframework.security.web.context.SecurityContextPersistenceFilter.doFilter(SecurityContextPersistenceFilter.java:91)
	at org.springframework.security.web.FilterChainProxy$VirtualFilterChain.doFilter(FilterChainProxy.java:330)
	at org.springframework.security.web.FilterChainProxy.doFilterInternal(FilterChainProxy.java:213)
	at org.springframework.security.web.FilterChainProxy.doFilter(FilterChainProxy.java:176)
	at org.springframework.web.filter.DelegatingFilterProxy.invokeDelegate(DelegatingFilterProxy.java:346)
	at org.springframework.web.filter.DelegatingFilterProxy.doFilter(DelegatingFilterProxy.java:262)
	at org.eclipse.jetty.servlet.ServletHandler$CachedChain.doFilter(ServletHandler.java:1484)
	at filter.SimpleCorsFilter.doFilter(SimpleCorsFilter.java:25)
	at org.eclipse.jetty.servlet.ServletHandler$CachedChain.doFilter(ServletHandler.java:1476)
	at org.eclipse.jetty.servlet.ServletHandler.doHandle(ServletHandler.java:501)
	at org.eclipse.jetty.server.handler.ScopedHandler.handle(ScopedHandler.java:137)
	at org.eclipse.jetty.security.SecurityHandler.handle(SecurityHandler.java:557)
	at org.eclipse.jetty.server.session.SessionHandler.doHandle(SessionHandler.java:231)
	at org.eclipse.jetty.server.handler.ContextHandler.doHandle(ContextHandler.java:1086)
	at org.eclipse.jetty.servlet.ServletHandler.doScope(ServletHandler.java:429)
	at org.eclipse.jetty.server.session.SessionHandler.doScope(SessionHandler.java:193)
	at org.eclipse.jetty.server.handler.ContextHandler.doScope(ContextHandler.java:1020)
	at org.eclipse.jetty.server.handler.ScopedHandler.handle(ScopedHandler.java:135)
	at org.eclipse.jetty.server.handler.ContextHandlerCollection.handle(ContextHandlerCollection.java:255)
	at org.eclipse.jetty.server.handler.HandlerCollection.handle(HandlerCollection.java:154)
	at org.eclipse.jetty.server.handler.HandlerWrapper.handle(HandlerWrapper.java:116)
	at org.eclipse.jetty.server.Server.handle(Server.java:370)
	at org.eclipse.jetty.server.AbstractHttpConnection.handleRequest(AbstractHttpConnection.java:494)
	at org.eclipse.jetty.server.AbstractHttpConnection.content(AbstractHttpConnection.java:982)
	at org.eclipse.jetty.server.AbstractHttpConnection$RequestHandler.content(AbstractHttpConnection.java:1043)
	at org.eclipse.jetty.http.HttpParser.parseNext(HttpParser.java:865)
	at org.eclipse.jetty.http.HttpParser.parseAvailable(HttpParser.java:240)
	at org.eclipse.jetty.server.AsyncHttpConnection.handle(AsyncHttpConnection.java:82)
	at org.eclipse.jetty.io.nio.SelectChannelEndPoint.handle(SelectChannelEndPoint.java:696)
	at org.eclipse.jetty.io.nio.SelectChannelEndPoint$1.run(SelectChannelEndPoint.java:53)
	at org.eclipse.jetty.util.thread.QueuedThreadPool.runJob(QueuedThreadPool.java:608)
	at org.eclipse.jetty.util.thread.QueuedThreadPool$3.run(QueuedThreadPool.java:543)
	at java.lang.Thread.run(Thread.java:745)
Caused by: com.mysql.jdbc.exceptions.jdbc4.MySQLIntegrityConstraintViolationException: Column 'name' cannot be null
	at sun.reflect.NativeConstructorAccessorImpl.newInstance0(Native Method)
	at sun.reflect.NativeConstructorAccessorImpl.newInstance(NativeConstructorAccessorImpl.java:62)
	at sun.reflect.DelegatingConstructorAccessorImpl.newInstance(DelegatingConstructorAccessorImpl.java:45)
	at java.lang.reflect.Constructor.newInstance(Constructor.java:422)
	at com.mysql.jdbc.Util.handleNewInstance(Util.java:411)
	at com.mysql.jdbc.Util.getInstance(Util.java:386)
	at com.mysql.jdbc.SQLError.createSQLException(SQLError.java:1041)
	at com.mysql.jdbc.MysqlIO.checkErrorPacket(MysqlIO.java:4190)
	at com.mysql.jdbc.MysqlIO.checkErrorPacket(MysqlIO.java:4122)
	at com.mysql.jdbc.MysqlIO.sendCommand(MysqlIO.java:2570)
	at com.mysql.jdbc.MysqlIO.sqlQueryDirect(MysqlIO.java:2731)
	at com.mysql.jdbc.ConnectionImpl.execSQL(ConnectionImpl.java:2818)
	at com.mysql.jdbc.PreparedStatement.executeInternal(PreparedStatement.java:2157)
	at com.mysql.jdbc.PreparedStatement.executeUpdate(PreparedStatement.java:2460)
	at com.mysql.jdbc.PreparedStatement.executeUpdate(PreparedStatement.java:2377)
	at com.mysql.jdbc.PreparedStatement.executeUpdate(PreparedStatement.java:2361)
	at org.hibernate.engine.jdbc.internal.ResultSetReturnImpl.executeUpdate(ResultSetReturnImpl.java:133)
	... 114 more
2015-09-12 11:34:55 WARN  PageNotFound:208 - Request method 'GET' not supported
2015-09-12 11:34:55 WARN  DefaultHandlerExceptionResolver:186 - Handler execution resulted in exception: Request method 'GET' not supported
2015-09-12 11:40:01 INFO  XmlWebApplicationContext:951 - Closing WebApplicationContext for namespace 'spark-servlet': startup date [Sat Sep 12 11:00:46 IST 2015]; parent: Root WebApplicationContext
2015-09-12 11:40:01 INFO  XmlWebApplicationContext:951 - Closing Root WebApplicationContext: startup date [Sat Sep 12 11:00:37 IST 2015]; root of context hierarchy
